-------------------------------------------------------------------------------
>Log Session: Saturday, January 17, 2026 at 12:01:43 AM Central European Standard Time
>System Info: 
  Product Version         = Apache NetBeans IDE 28
  Operating System        = Windows 10 version 10.0 running on amd64
  Java; VM; Vendor        = 17.0.17; Java HotSpot(TM) 64-Bit Server VM 17.0.17+8-LTS-360; Oracle Corporation
  Runtime                 = Java(TM) SE Runtime Environment 17.0.17+8-LTS-360
  Java Home               = C:\Program Files\Java\jdk-17
  System Locale; Encoding = fr_FR (nb); Cp1252
  Home Directory          = C:\Users\trist
  Current Directory       = E:\netbeans\bin
  User Directory          = E:\MonPortfolioSio
  Cache Directory         = E:\MonPortfolioSio\var\cache
  Installation            = E:\netbeans\nb
                            E:\netbeans\ergonomics
                            E:\netbeans\ide
                            E:\netbeans\extide
                            E:\netbeans\java
                            E:\netbeans\apisupport
                            E:\netbeans\webcommon
                            E:\netbeans\websvccommon
                            E:\netbeans\enterprise
                            E:\netbeans\profiler
                            E:\netbeans\php
                            E:\netbeans\harness
                            E:\netbeans\cpplite
                            E:\netbeans\groovy
                            E:\netbeans\javafx
                            E:\netbeans\platform
  Boot & Ext. Classpath   = 
  Application Classpath   = E:\netbeans\platform\lib\boot.jar;E:\netbeans\platform\lib\org-openide-modules.jar;E:\netbeans\platform\lib\org-openide-util-lookup.jar;E:\netbeans\platform\lib\org-openide-util-ui.jar;E:\netbeans\platform\lib\org-openide-util.jar
  Startup Classpath       = E:\netbeans\platform\core\asm-9.9.jar;E:\netbeans\platform\core\asm-commons-9.9.jar;E:\netbeans\platform\core\asm-tree-9.9.jar;E:\netbeans\platform\core\core-base.jar;E:\netbeans\platform\core\core.jar;E:\netbeans\platform\core\org-netbeans-libs-asm.jar;E:\netbeans\platform\core\org-openide-filesystems-compat8.jar;E:\netbeans\platform\core\org-openide-filesystems.jar;E:\netbeans\nb\core\org-netbeans-upgrader.jar;E:\netbeans\nb\core\locale\core_nb.jar
  Java Boot Modules       = [java.base, java.compiler, java.datatransfer, java.desktop, java.instrument, java.logging, java.management, java.management.rmi, java.naming, java.net.http, java.prefs, java.rmi, java.scripting, java.security.jgss, java.security.sasl, java.smartcardio, java.sql, java.sql.rowset, java.transaction.xa, java.xml, java.xml.crypto, jdk.accessibility, jdk.attach, jdk.charsets, jdk.compiler, jdk.crypto.cryptoki, jdk.crypto.ec, jdk.crypto.mscapi, jdk.dynalink, jdk.editpad, jdk.httpserver, jdk.internal.ed, jdk.internal.jvmstat, jdk.internal.le, jdk.internal.opt, jdk.jartool, jdk.javadoc, jdk.jconsole, jdk.jdeps, jdk.jdi, jdk.jdwp.agent, jdk.jfr, jdk.jlink, jdk.jpackage, jdk.jshell, jdk.jsobject, jdk.jstatd, jdk.localedata, jdk.management, jdk.management.agent, jdk.management.jfr, jdk.naming.dns, jdk.naming.rmi, jdk.net, jdk.nio.mapmode, jdk.random, jdk.sctp, jdk.security.auth, jdk.security.jgss, jdk.unsupported, jdk.unsupported.desktop, jdk.xml.dom, jdk.zipfs]
-------------------------------------------------------------------------------
INFO [org.netbeans.modules.netbinox]: Install area set to file:/E:/netbeans/
WARNING [org.netbeans.core.modules]: the modules [org.netbeans.modules.xml.text] use org.netbeans.modules.editor.deprecated.pre65formatting which is deprecated.
WARNING [org.netbeans.core.modules]: the modules [org.netbeans.modules.ide.kit, org.netbeans.modules.xml.text] use org.netbeans.modules.editor.structure which is deprecated.
WARNING [org.netbeans.core.modules]: the modules [org.netbeans.modules.ant.hints, org.netbeans.modules.java.hints, org.netbeans.modules.java.lsp.server, org.netbeans.modules.jshell.support, org.netbeans.modules.maven.hints] use org.netbeans.modules.java.hints.legacy.spi which is deprecated: Use Java Hints SPI (org.netbeans.spi.java.hints) instead.
INFO [org.netbeans.core.startup.NbEvents]: Turning on modules:
	slf4j.jdk14 [1.7.36 1.7.36]
	slf4j.api [1.7.36 1.7.36]
	org.openide.util.lookup [8.64 28-bb4f5c31012229fb1577f019127e203b6925ab33]
	org.openide.util [9.38 28-bb4f5c31012229fb1577f019127e203b6925ab33]
	org.openide.util.ui [9.39 28-bb4f5c31012229fb1577f019127e203b6925ab33]
	org.openide.modules [7.78 28-bb4f5c31012229fb1577f019127e203b6925ab33]
	org.netbeans.api.annotations.common/1 [1.58 28-bb4f5c31012229fb1577f019127e203b6925ab33]
	org.openide.filesystems [9.43 28-bb4f5c31012229fb1577f019127e203b6925ab33]
	org.openide.awt [7.98 28-bb4f5c31012229fb1577f019127e203b6925ab33]
	org.netbeans.api.progress/1 [1.78 28-bb4f5c31012229fb1577f019127e203b6925ab33]
	org.netbeans.api.progress.nb [1.78 28-bb4f5c31012229fb1577f019127e203b6925ab33]
	org.openide.dialogs [7.77 28-bb4f5c31012229fb1577f019127e203b6925ab33]
	org.openide.nodes [7.75 28-bb4f5c31012229fb1577f019127e203b6925ab33]
	org.openide.windows [6.107 28-bb4f5c31012229fb1577f019127e203b6925ab33]
	org.netbeans.libs.jsvg/2 [2.2 1.7.1 28-bb4f5c31012229fb1577f019127e203b6925ab33]
	org.openide.util.ui.svg [1.24 28-bb4f5c31012229fb1577f019127e203b6925ab33]
	org.netbeans.modules.editor.mimelookup/1 [1.70 28-bb4f5c31012229fb1577f019127e203b6925ab33]
	org.openide.text [6.99 28-bb4f5c31012229fb1577f019127e203b6925ab33]
	org.netbeans.api.scripting [1.27 28-bb4f5c31012229fb1577f019127e203b6925ab33]
	org.netbeans.swing.tabcontrol [1.87 28-bb4f5c31012229fb1577f019127e203b6925ab33]
	org.netbeans.swing.outline [1.64 28-bb4f5c31012229fb1577f019127e203b6925ab33]
	org.openide.explorer [6.92 28-bb4f5c31012229fb1577f019127e203b6925ab33]
	org.openide.actions [6.69 28-bb4f5c31012229fb1577f019127e203b6925ab33]
	org.netbeans.modules.queries/1 [1.73 28-bb4f5c31012229fb1577f019127e203b6925ab33]
	org.netbeans.api.templates [1.38 28-bb4f5c31012229fb1577f019127e203b6925ab33]
	org.openide.filesystems.nb [9.40 28-bb4f5c31012229fb1577f019127e203b6925ab33]
	org.openide.loaders [7.100 28-bb4f5c31012229fb1577f019127e203b6925ab33]
	org.netbeans.api.intent [1.32 28-bb4f5c31012229fb1577f019127e203b6925ab33]
	org.netbeans.api.io [1.33 28-bb4f5c31012229fb1577f019127e203b6925ab33]
	org.openide.io [1.79 28-bb4f5c31012229fb1577f019127e203b6925ab33]
	org.openide.filesystems.compat8 [9.39 28-bb4f5c31012229fb1577f019127e203b6925ab33]
	org.openide.execution [9.33 28-bb4f5c31012229fb1577f019127e203b6925ab33]
	org.netbeans.upgrader [4.65 28-bb4f5c31012229fb1577f019127e203b6925ab33]
	org.netbeans.swing.plaf [1.72 28-bb4f5c31012229fb1577f019127e203b6925ab33]
	org.netbeans.modules.keyring [1.54 28-bb4f5c31012229fb1577f019127e203b6925ab33]
	org.netbeans.libs.asm [5.33 28-bb4f5c31012229fb1577f019127e203b6925ab33]
	org.netbeans.bootstrap/1 [2.109 28-bb4f5c31012229fb1577f019127e203b6925ab33]
	org.netbeans.core.startup.base [1.92.0.1 1 28-bb4f5c31012229fb1577f019127e203b6925ab33]
	org.netbeans.core.startup/1 [1.93.0.1 28-bb4f5c31012229fb1577f019127e203b6925ab33]
	org.netbeans.modules.sampler [1.44 28-bb4f5c31012229fb1577f019127e203b6925ab33]
	org.netbeans.core/2 [3.81 28-bb4f5c31012229fb1577f019127e203b6925ab33]
	org.netbeans.spi.quicksearch [1.57 28-bb4f5c31012229fb1577f019127e203b6925ab33]
	org.netbeans.modules.options.api/1 [1.75 28-bb4f5c31012229fb1577f019127e203b6925ab33]
	org.netbeans.libs.flatlaf/1 [1.24 3.6.2 28-bb4f5c31012229fb1577f019127e203b6925ab33]
	org.netbeans.swing.laf.flatlaf [1.23 28-bb4f5c31012229fb1577f019127e203b6925ab33]
	org.netbeans.swing.laf.dark/1 [2.25.0.2 2 28-bb4f5c31012229fb1577f019127e203b6925ab33]
	org.netbeans.modules.projectapi/1 [1.102 28-bb4f5c31012229fb1577f019127e203b6925ab33]
	org.netbeans.swing.dirchooser [1.59 28-bb4f5c31012229fb1577f019127e203b6925ab33]
	org.netbeans.spi.viewmodel/2 [1.81 28-bb4f5c31012229fb1577f019127e203b6925ab33]
	org.netbeans.spi.tasklist/1 [1.65.0.1 1 28-bb4f5c31012229fb1577f019127e203b6925ab33]
	org.netbeans.spi.palette/1 [1.76 28-bb4f5c31012229fb1577f019127e203b6925ab33]
	org.netbeans.spi.navigator/1 [1.68 28-bb4f5c31012229fb1577f019127e203b6925ab33]
	org.netbeans.modules.editor.util/1 [1.95 28-bb4f5c31012229fb1577f019127e203b6925ab33]
	org.netbeans.modules.editor.settings.lib [1.81.0.1 1 28-bb4f5c31012229fb1577f019127e203b6925ab33]
	org.netbeans.modules.editor.settings/1 [1.87 28-bb4f5c31012229fb1577f019127e203b6925ab33]
	org.netbeans.modules.lexer/2 [1.93.0.1 1 28-bb4f5c31012229fb1577f019127e203b6925ab33]
	org.netbeans.modules.editor.fold/1 [1.75 28-bb4f5c31012229fb1577f019127e203b6925ab33]
	org.netbeans.modules.editor.document [1.39.0.3 3 28-bb4f5c31012229fb1577f019127e203b6925ab33]
	org.netbeans.modules.editor.lib2/1 [2.50.0.55.3 55 28-bb4f5c31012229fb1577f019127e203b6925ab33]
	org.netbeans.modules.editor.guards/1 [1.63 28-bb4f5c31012229fb1577f019127e203b6925ab33]
	org.netbeans.api.lsp/1 [1.36 28-bb4f5c31012229fb1577f019127e203b6925ab33]
	org.netbeans.modules.editor.indent/2 [1.73 28-bb4f5c31012229fb1577f019127e203b6925ab33]
	org.netbeans.modules.editor.lib/3 [4.37.0.23.3.55 23 28-bb4f5c31012229fb1577f019127e203b6925ab33]
	org.netbeans.modules.options.keymap [1.67 28-bb4f5c31012229fb1577f019127e203b6925ab33]
	org.netbeans.modules.editor.settings.storage/1 [1.82.0.1 28-bb4f5c31012229fb1577f019127e203b6925ab33]
	org.netbeans.modules.editor.fold.nbui [1.42.0.55 28-bb4f5c31012229fb1577f019127e203b6925ab33]
	org.netbeans.modules.editor/3 [1.117.0.6.3.23.55 6 28-bb4f5c31012229fb1577f019127e203b6925ab33]
	org.netbeans.libs.javacapi [8.54.0.3 3 28-bb4f5c31012229fb1577f019127e203b6925ab33]
	org.netbeans.lib.nbjavac [1.46.0.4.3 4 28-bb4f5c31012229fb1577f019127e203b6925ab33]
	org.netbeans.modules.editor.errorstripe.api/1 [2.62.0.1 1 28-bb4f5c31012229fb1577f019127e203b6925ab33]
	org.netbeans.api.java.classpath/1 [1.84 28-bb4f5c31012229fb1577f019127e203b6925ab33]
	org.netbeans.api.java/1 [1.97 28-bb4f5c31012229fb1577f019127e203b6925ab33]
	org.netbeans.modules.java.platform/1 [1.72 28-bb4f5c31012229fb1577f019127e203b6925ab33]
	org.netbeans.modules.options.editor/1 [1.91 28-bb4f5c31012229fb1577f019127e203b6925ab33]
	org.netbeans.modules.editor.errorstripe/2 [2.64.0.1.1 1 28-bb4f5c31012229fb1577f019127e203b6925ab33]
	org.netbeans.modules.diff/1 [1.81.0.42.1 42 28-bb4f5c31012229fb1577f019127e203b6925ab33]
	org.netbeans.libs.lucene/3 [3.49 28-bb4f5c31012229fb1577f019127e203b6925ab33]
	org.netbeans.modules.masterfs/2 [2.85.0.2 2 28-bb4f5c31012229fb1577f019127e203b6925ab33]
	org.netbeans.modules.parsing.lucene/2 [2.66.0.1 1 28-bb4f5c31012229fb1577f019127e203b6925ab33]
	org.netbeans.modules.parsing.api/1 [9.37.0.8 8 28-bb4f5c31012229fb1577f019127e203b6925ab33]
	org.netbeans.modules.projectuiapi.base/1 [1.116.0.9 9 28-bb4f5c31012229fb1577f019127e203b6925ab33]
	org.netbeans.modules.project.indexingbridge [1.47 28-bb4f5c31012229fb1577f019127e203b6925ab33]
	org.netbeans.modules.parsing.indexing [9.42.0.1.3.8 1 28-bb4f5c31012229fb1577f019127e203b6925ab33]
	org.netbeans.modules.refactoring.api [1.77.0.1 1 28-bb4f5c31012229fb1577f019127e203b6925ab33]
	org.netbeans.modules.classfile/1 [1.82 28-bb4f5c31012229fb1577f019127e203b6925ab33]
	org.netbeans.modules.editor.indent.support [1.72 28-bb4f5c31012229fb1577f019127e203b6925ab33]
	org.netbeans.modules.projectuiapi/1 [1.119.0.8 8 28-bb4f5c31012229fb1577f019127e203b6925ab33]
	org.netbeans.modules.editor.indent.project/0 [1.52 28-bb4f5c31012229fb1577f019127e203b6925ab33]
	org.netbeans.core.multiview/1 [1.74 28-bb4f5c31012229fb1577f019127e203b6925ab33]
	org.netbeans.modules.java.lexer/1 [1.66 28-bb4f5c31012229fb1577f019127e203b6925ab33]
	org.netbeans.modules.java.preprocessorbridge [1.79.0.1 1 28-bb4f5c31012229fb1577f019127e203b6925ab33]
	org.netbeans.modules.java.source.base [2.80.0.6.4.3.8.1 6 28-bb4f5c31012229fb1577f019127e203b6925ab33]
	org.netbeans.modules.autoupdate.services [1.86 28-bb4f5c31012229fb1577f019127e203b6925ab33]
	org.netbeans.modules.java.source [0.195.0.32.4.3.6.1 32 28-bb4f5c31012229fb1577f019127e203b6925ab33]
	org.netbeans.modules.project.spi.intern [1.33 28-bb4f5c31012229fb1577f019127e203b6925ab33]
	org.netbeans.modules.project.libraries/1 [1.83 28-bb4f5c31012229fb1577f019127e203b6925ab33]
	org.apache.xml.resolver [1.61.0.12 12 28-bb4f5c31012229fb1577f019127e203b6925ab33]
	org.netbeans.api.xml/1 [1.74 28-bb4f5c31012229fb1577f019127e203b6925ab33]
	org.netbeans.modules.xml.catalog/2 [3.34.0.4 4 28-bb4f5c31012229fb1577f019127e203b6925ab33]
	org.netbeans.modules.project.ant/1 [1.97 28-bb4f5c31012229fb1577f019127e203b6925ab33]
	org.netbeans.modules.java.project/1 [1.102 28-bb4f5c31012229fb1577f019127e203b6925ab33]
	org.netbeans.modules.settings/1 [1.79 28-bb4f5c31012229fb1577f019127e203b6925ab33]
	org.netbeans.spi.editor.hints/0 [1.72.0.8.55 8 28-bb4f5c31012229fb1577f019127e203b6925ab33]
	org.netbeans.modules.code.analysis/0 [1.56 28-bb4f5c31012229fb1577f019127e203b6925ab33]
	org.netbeans.spi.java.hints [1.64.0.13.4.3.32.6.8 13 28-bb4f5c31012229fb1577f019127e203b6925ab33]
	org.netbeans.modules.editor.tools.storage [1.38 28-bb4f5c31012229fb1577f019127e203b6925ab33]
	org.netbeans.spi.editor.hints.projects [1.41.0.1.8 1 28-bb4f5c31012229fb1577f019127e203b6925ab33]
	org.netbeans.api.debugger/1 [1.85 28-bb4f5c31012229fb1577f019127e203b6925ab33]
	org.netbeans.spi.debugger.ui/1 [2.89 28-bb4f5c31012229fb1577f019127e203b6925ab33]
	org.netbeans.api.debugger.jpda/2 [3.40 28-bb4f5c31012229fb1577f019127e203b6925ab33]
	org.netbeans.spi.debugger.jpda.ui [3.33 28-bb4f5c31012229fb1577f019127e203b6925ab33]
	org.netbeans.modules.xml.core/2 [1.73.0.4 4 28-bb4f5c31012229fb1577f019127e203b6925ab33]
	org.netbeans.modules.xml.xam/1 [1.62.0.1 1 28-bb4f5c31012229fb1577f019127e203b6925ab33]
	org.netbeans.api.xml.ui/1 [1.74 28-bb4f5c31012229fb1577f019127e203b6925ab33]
	org.netbeans.modules.xml.retriever/1 [1.61 28-bb4f5c31012229fb1577f019127e203b6925ab33]
	org.netbeans.modules.xml.schema.model/1 [1.62.0.1 1 28-bb4f5c31012229fb1577f019127e203b6925ab33]
	org.netbeans.modules.xml.axi [1.63 28-bb4f5c31012229fb1577f019127e203b6925ab33]
	org.netbeans.modules.editor.breadcrumbs/0 [1.47 28-bb4f5c31012229fb1577f019127e203b6925ab33]
	org.netbeans.modules.editor.bracesmatching/0 [1.69.0.55 28-bb4f5c31012229fb1577f019127e203b6925ab33]
	org.netbeans.modules.editor.deprecated.pre65formatting/0 [1.61.0.1.6.23.55 1 28-bb4f5c31012229fb1577f019127e203b6925ab33]
	org.netbeans.modules.editor.completion/1 [1.75.0.2 2 28-bb4f5c31012229fb1577f019127e203b6925ab33]
	org.netbeans.modules.editor.codetemplates/1 [1.74.0.1 1 28-bb4f5c31012229fb1577f019127e203b6925ab33]
	org.netbeans.modules.editor.actions/1 [1.61.0.55 28-bb4f5c31012229fb1577f019127e203b6925ab33]
	org.netbeans.modules.csl.types/1 [1.30 28-bb4f5c31012229fb1577f019127e203b6925ab33]
	org.netbeans.core.ui/1 [1.75 28-bb4f5c31012229fb1577f019127e203b6925ab33]
	org.netbeans.api.search [1.51 28-bb4f5c31012229fb1577f019127e203b6925ab33]
	org.netbeans.modules.jumpto/1 [1.85.0.1 1 28-bb4f5c31012229fb1577f019127e203b6925ab33]
	org.netbeans.modules.csl.api/2 [2.88.0.2.1.1.8.1 2 28-bb4f5c31012229fb1577f019127e203b6925ab33]
	org.netbeans.modules.editor.structure/1 [1.77.0.1 1 28-bb4f5c31012229fb1577f019127e203b6925ab33]
	org.netbeans.modules.xml.lexer [1.60 28-bb4f5c31012229fb1577f019127e203b6925ab33]
	org.netbeans.modules.xml.text/2 [1.89.0.1 1 28-bb4f5c31012229fb1577f019127e203b6925ab33]
	org.netbeans.modules.xml [1.63 28-bb4f5c31012229fb1577f019127e203b6925ab33]
	org.netbeans.core.ide/1 [1.71 28-bb4f5c31012229fb1577f019127e203b6925ab33]
	org.netbeans.modules.servletapi/1 [1.69 28-bb4f5c31012229fb1577f019127e203b6925ab33]
	org.netbeans.modules.httpserver/2 [2.66.0.43 43 28-bb4f5c31012229fb1577f019127e203b6925ab33]
	org.netbeans.modules.xsl/1 [1.74 28-bb4f5c31012229fb1577f019127e203b6925ab33]
	org.netbeans.modules.xml.xdm/1 [1.64.0.1 1 28-bb4f5c31012229fb1577f019127e203b6925ab33]
	org.netbeans.libs.xerces/1 [1.68.0.281 281 28-bb4f5c31012229fb1577f019127e203b6925ab33]
	org.netbeans.modules.xml.tax/2 [1.74.0.281 28-bb4f5c31012229fb1577f019127e203b6925ab33]
	org.netbeans.modules.xml.tools/2 [1.73 28-bb4f5c31012229fb1577f019127e203b6925ab33]
	org.netbeans.modules.xml.tools.java [1.59 28-bb4f5c31012229fb1577f019127e203b6925ab33]
	org.netbeans.modules.xml.schema.completion [1.61 28-bb4f5c31012229fb1577f019127e203b6925ab33]
	org.netbeans.modules.xml.multiview/1 [1.68.0.2 2 28-bb4f5c31012229fb1577f019127e203b6925ab33]
	org.netbeans.modules.xml.jaxb.api/1 [1.56 28-bb4f5c31012229fb1577f019127e203b6925ab33]
	org.netbeans.modules.options.java [1.44 28-bb4f5c31012229fb1577f019127e203b6925ab33]
	org.apache.tools.ant.module/3 [3.114.0.2 2 28-bb4f5c31012229fb1577f019127e203b6925ab33]
	org.netbeans.modules.xml.jaxb/1 [1.60 28-bb4f5c31012229fb1577f019127e203b6925ab33]
	org.netbeans.modules.xml.catalog.ui [2.33.0.4 28-bb4f5c31012229fb1577f019127e203b6925ab33]
	org.netbeans.modules.libs.corba.omgapi [1.25 28-bb4f5c31012229fb1577f019127e203b6925ab33]
	org.netbeans.modules.whitelist [1.53 28-bb4f5c31012229fb1577f019127e203b6925ab33]
	org.netbeans.modules.websvc.jaxws21api/1 [1.62 28-bb4f5c31012229fb1577f019127e203b6925ab33]
	org.netbeans.libs.jaxb/1 [1.61 28-bb4f5c31012229fb1577f019127e203b6925ab33]
	org.netbeans.modules.websvc.jaxws21/1 [1.62 28-bb4f5c31012229fb1577f019127e203b6925ab33]
	org.netbeans.libs.json_simple/1 [0.42 28-bb4f5c31012229fb1577f019127e203b6925ab33]
	org.netbeans.modules.web.common [1.129 28-bb4f5c31012229fb1577f019127e203b6925ab33]
	org.netbeans.modules.extexecution.base/2 [1.36 28-bb4f5c31012229fb1577f019127e203b6925ab33]
	org.netbeans.modules.extexecution/2 [1.79 28-bb4f5c31012229fb1577f019127e203b6925ab33]
	org.netbeans.libs.jna/2 [2.25 28-bb4f5c31012229fb1577f019127e203b6925ab33]
	org.netbeans.libs.jna.platform/2 [2.25 28-bb4f5c31012229fb1577f019127e203b6925ab33]
	org.netbeans.modules.extbrowser/2 [2.2 28-bb4f5c31012229fb1577f019127e203b6925ab33]
	org.netbeans.modules.web.browser.api [1.75 28-bb4f5c31012229fb1577f019127e203b6925ab33]
	org.netbeans.modules.gsf.testrunner/2 [2.42 28-bb4f5c31012229fb1577f019127e203b6925ab33]
	org.netbeans.modules.gsf.testrunner.ui [1.45.0.1 28-bb4f5c31012229fb1577f019127e203b6925ab33]
	org.netbeans.modules.gototest/1 [1.63 28-bb4f5c31012229fb1577f019127e203b6925ab33]
	org.netbeans.modules.project.libraries.ui/1 [1.82 28-bb4f5c31012229fb1577f019127e203b6925ab33]
	org.netbeans.modules.html.indexing [1.22 28-bb4f5c31012229fb1577f019127e203b6925ab33]
	org.netbeans.modules.web.common.ui [1.31 28-bb4f5c31012229fb1577f019127e203b6925ab33]
	org.netbeans.modules.gsf.codecoverage [1.62 28-bb4f5c31012229fb1577f019127e203b6925ab33]
	org.netbeans.modules.web.clientproject.api [1.134 28-bb4f5c31012229fb1577f019127e203b6925ab33]
	org.netbeans.core.windows/2 [2.115 28-bb4f5c31012229fb1577f019127e203b6925ab33]
	org.netbeans.modules.web.webkit.debugging [1.83 28-bb4f5c31012229fb1577f019127e203b6925ab33]
	org.netbeans.modules.web.webkit.tooling [1.40 28-bb4f5c31012229fb1577f019127e203b6925ab33]
	org.netbeans.modules.javascript2.debug/1 [1.48 28-bb4f5c31012229fb1577f019127e203b6925ab33]
	org.netbeans.modules.javascript2.debug.ui/1 [1.33 28-bb4f5c31012229fb1577f019127e203b6925ab33]
	org.netbeans.modules.web.javascript.debugger [1.45 28-bb4f5c31012229fb1577f019127e203b6925ab33]
	org.netbeans.libs.antlr3.runtime [1.51.0.1 1 28-bb4f5c31012229fb1577f019127e203b6925ab33]
	org.netbeans.modules.css.lib/2 [2.10 28-bb4f5c31012229fb1577f019127e203b6925ab33]
	org.netbeans.modules.html.lexer/1 [1.68 28-bb4f5c31012229fb1577f019127e203b6925ab33]
	org.netbeans.modules.html.editor.lib/3 [3.62 28-bb4f5c31012229fb1577f019127e203b6925ab33]
	org.netbeans.modules.web.indent [1.50 28-bb4f5c31012229fb1577f019127e203b6925ab33]
	org.netbeans.modules.css.model [1.61 28-bb4f5c31012229fb1577f019127e203b6925ab33]
	org.netbeans.modules.css.editor/1 [1.98 28-bb4f5c31012229fb1577f019127e203b6925ab33]
	org.netbeans.modules.html/1 [1.91 28-bb4f5c31012229fb1577f019127e203b6925ab33]
	org.netbeans.modules.html.editor/2 [2.86 28-bb4f5c31012229fb1577f019127e203b6925ab33]
	org.netbeans.core.output2/1 [1.72 28-bb4f5c31012229fb1577f019127e203b6925ab33]
	org.netbeans.modules.terminal [1.57 28-bb4f5c31012229fb1577f019127e203b6925ab33]
	org.netbeans.modules.css.visual/3 [3.62 28-bb4f5c31012229fb1577f019127e203b6925ab33]
	org.netbeans.modules.web.inspect [0.60 28-bb4f5c31012229fb1577f019127e203b6925ab33]
	org.netbeans.modules.project.ant.ui/1 [1.95 28-bb4f5c31012229fb1577f019127e203b6925ab33]
	org.netbeans.modules.server/0 [1.63 28-bb4f5c31012229fb1577f019127e203b6925ab33]
	org.netbeans.modules.selenium2.server [1.33 28-bb4f5c31012229fb1577f019127e203b6925ab33]
	org.netbeans.modules.selenium2 [1.35 28-bb4f5c31012229fb1577f019127e203b6925ab33]
	org.netbeans.modules.selenium2.webclient [1.37 28-bb4f5c31012229fb1577f019127e203b6925ab33]
	org.netbeans.modules.web.clientproject [1.117 28-bb4f5c31012229fb1577f019127e203b6925ab33]
	org.netbeans.modules.web.client.samples [1.44 28-bb4f5c31012229fb1577f019127e203b6925ab33]
	org.netbeans.modules.javascript.gulp [0.43 28-bb4f5c31012229fb1577f019127e203b6925ab33]
	org.netbeans.modules.javascript2.types/1 [1.30 28-bb4f5c31012229fb1577f019127e203b6925ab33]
	org.netbeans.libs.antlr4.runtime/2 [1.31.0.1 1 28-bb4f5c31012229fb1577f019127e203b6925ab33]
	org.netbeans.modules.javascript2.json [1.33 28-bb4f5c31012229fb1577f019127e203b6925ab33]
	org.netbeans.modules.javascript2.lexer/1 [1.36 28-bb4f5c31012229fb1577f019127e203b6925ab33]
	org.netbeans.libs.nashorn/3 [3.11 28-bb4f5c31012229fb1577f019127e203b6925ab33]
	org.netbeans.modules.javascript2.doc/1 [1.30 28-bb4f5c31012229fb1577f019127e203b6925ab33]
	org.netbeans.modules.javascript2.model/1 [1.36 28-bb4f5c31012229fb1577f019127e203b6925ab33]
	org.netbeans.modules.javascript2.source.query/0 [0.29 28-bb4f5c31012229fb1577f019127e203b6925ab33]
	org.netbeans.modules.javascript.cdnjs/0 [0.37 28-bb4f5c31012229fb1577f019127e203b6925ab33]
	org.netbeans.modules.javascript.bower [0.35 28-bb4f5c31012229fb1577f019127e203b6925ab33]
	org.netbeans.modules.javascript.karma/0 [0.46 28-bb4f5c31012229fb1577f019127e203b6925ab33]
	org.apache.commons.codec [1.18.0 1.18.0]
	org.apache.commons.logging [1.3.5 1.3.5]
	org.apache.commons.commons_io [2.21 28-bb4f5c31012229fb1577f019127e203b6925ab33]
	org.apache.commons.lang3 [3.17.0 3.17.0]
	org.netbeans.libs.commons_compress/0 [0.36.0.181 181 28-bb4f5c31012229fb1577f019127e203b6925ab33]
	org.netbeans.modules.javascript2.editor/1 [0.105 28-bb4f5c31012229fb1577f019127e203b6925ab33]
	org.netbeans.modules.javascript2.nodejs/0 [0.42 28-bb4f5c31012229fb1577f019127e203b6925ab33]
	org.netbeans.modules.javascript.nodejs/0 [0.59 28-bb4f5c31012229fb1577f019127e203b6925ab33]
	org.netbeans.modules.netserver [1.43 28-bb4f5c31012229fb1577f019127e203b6925ab33]
	org.netbeans.modules.extbrowser.chrome [1.40 28-bb4f5c31012229fb1577f019127e203b6925ab33]
	org.netbeans.modules.javascript.grunt [0.44 28-bb4f5c31012229fb1577f019127e203b6925ab33]
	org.netbeans.libs.snakeyaml_engine/2 [2.19 28-bb4f5c31012229fb1577f019127e203b6925ab33]
	org.netbeans.modules.languages.yaml [2.62 28-bb4f5c31012229fb1577f019127e203b6925ab33]
	org.netbeans.libs.jstestdriver [1.40 28-bb4f5c31012229fb1577f019127e203b6925ab33]
	org.netbeans.modules.javascript.jstestdriver [0.42 28-bb4f5c31012229fb1577f019127e203b6925ab33]
	org.netbeans.modules.web.client.kit [1.46 28-bb4f5c31012229fb1577f019127e203b6925ab33]
	org.netbeans.modules.versioning.core/1 [1.61.0.1.42 1 28-bb4f5c31012229fb1577f019127e203b6925ab33]
	org.netbeans.modules.versioning/1 [1.77.0.1 1 28-bb4f5c31012229fb1577f019127e203b6925ab33]
	org.netbeans.modules.favorites/1 [1.76 28-bb4f5c31012229fb1577f019127e203b6925ab33]
	org.netbeans.modules.spellchecker.apimodule [1.55 28-bb4f5c31012229fb1577f019127e203b6925ab33]
	org.netbeans.modules.versioning.util/2 [2.6.0.42.1 28-bb4f5c31012229fb1577f019127e203b6925ab33]
	org.netbeans.modules.team.commons [1.80 28-bb4f5c31012229fb1577f019127e203b6925ab33]
	org.netbeans.modules.versioning.ui/1 [1.53.0.42.1 28-bb4f5c31012229fb1577f019127e203b6925ab33]
	org.netbeans.modules.autoupdate.ui [1.76 28-bb4f5c31012229fb1577f019127e203b6925ab33]
	org.netbeans.modules.versioning.system.cvss.installer [1.46 28-bb4f5c31012229fb1577f019127e203b6925ab33]
	org.netbeans.modules.masterfs.ui [2.33.0.2 28-bb4f5c31012229fb1577f019127e203b6925ab33]
	org.netbeans.modules.versioning.masterfs [1.44 28-bb4f5c31012229fb1577f019127e203b6925ab33]
	org.netbeans.modules.versioning.indexingbridge/0 [1.56 28-bb4f5c31012229fb1577f019127e203b6925ab33]
	org.netbeans.api.dashboard/0 [0.7 28-bb4f5c31012229fb1577f019127e203b6925ab33]
	org.netbeans.modules.sendopts/2 [2.66 28-bb4f5c31012229fb1577f019127e203b6925ab33]
	org.netbeans.modules.utilities/1 [1.91 28-bb4f5c31012229fb1577f019127e203b6925ab33]
	org.netbeans.modules.utilities.project/1 [1.68 28-bb4f5c31012229fb1577f019127e203b6925ab33]
	org.netbeans.modules.javahelp/1 [2.71 28-bb4f5c31012229fb1577f019127e203b6925ab33]
	org.netbeans.modules.usersguide/1 [1.78 28-bb4f5c31012229fb1577f019127e203b6925ab33]
	org.netbeans.modules.updatecenters/1 [1.70 28-bb4f5c31012229fb1577f019127e203b6925ab33]
	org.netbeans.libs.jcodings/2 [1.3 28-bb4f5c31012229fb1577f019127e203b6925ab33]
	com.google.gson [2.12.1 2.12.1]
	org.netbeans.modules.textmate.lexer/0 [1.32.0.1 1 28-bb4f5c31012229fb1577f019127e203b6925ab33]
	org.netbeans.libs.flexmark [1.23 28-bb4f5c31012229fb1577f019127e203b6925ab33]
	com.google.guava [33.4.6 33.4.6.jre]
	org.netbeans.modules.lsp.client/0 [1.32.0.1.1.1 1 28-bb4f5c31012229fb1577f019127e203b6925ab33]
	org.netbeans.modules.typescript.editor [1.23 28-bb4f5c31012229fb1577f019127e203b6925ab33]
	org.netbeans.modules.texttools/0 [1.0 28-bb4f5c31012229fb1577f019127e203b6925ab33]
	org.netbeans.modules.java.sourceui/1 [1.78.0.2.4.3.32.6 2 28-bb4f5c31012229fb1577f019127e203b6925ab33]
	org.netbeans.modules.java.platform.ui/1 [1.72 28-bb4f5c31012229fb1577f019127e203b6925ab33]
	org.netbeans.modules.java.project.ui/1 [1.105 28-bb4f5c31012229fb1577f019127e203b6925ab33]
	org.netbeans.modules.java.testrunner [1.50 28-bb4f5c31012229fb1577f019127e203b6925ab33]
	org.netbeans.modules.java.testrunner.ui [1.34 28-bb4f5c31012229fb1577f019127e203b6925ab33]
	org.netbeans.libs.testng/1 [1.44 28-bb4f5c31012229fb1577f019127e203b6925ab33]
	org.netbeans.modules.testng [2.50 28-bb4f5c31012229fb1577f019127e203b6925ab33]
	org.netbeans.modules.testng.ui [1.39 28-bb4f5c31012229fb1577f019127e203b6925ab33]
	org.netbeans.libs.javax.inject/2 [2.65 28-bb4f5c31012229fb1577f019127e203b6925ab33]
	org.netbeans.modules.maven.embedder/2 [2.85 28-bb4f5c31012229fb1577f019127e203b6925ab33]
	org.netbeans.modules.maven.indexer/2 [2.70 28-bb4f5c31012229fb1577f019127e203b6925ab33]
	org.netbeans.modules.maven.model/1 [1.74 28-bb4f5c31012229fb1577f019127e203b6925ab33]
	org.netbeans.modules.java.api.common/0 [1.153 28-bb4f5c31012229fb1577f019127e203b6925ab33]
	org.netbeans.core.execution/1 [1.72 28-bb4f5c31012229fb1577f019127e203b6925ab33]
	org.netbeans.modules.projectui [1.89.0.8.9 28-bb4f5c31012229fb1577f019127e203b6925ab33]
	org.netbeans.modules.swing.validation/2 [1.62 28-bb4f5c31012229fb1577f019127e203b6925ab33]
	org.netbeans.modules.project.dependency [1.15.0.1 1 28-bb4f5c31012229fb1577f019127e203b6925ab33]
	org.netbeans.modules.maven.indexer.ui/2 [2.64 28-bb4f5c31012229fb1577f019127e203b6925ab33]
	org.netbeans.modules.maven/2 [2.170.0.1.1 1 28-bb4f5c31012229fb1577f019127e203b6925ab33]
	org.netbeans.modules.testng.maven [2.46 28-bb4f5c31012229fb1577f019127e203b6925ab33]
	org.netbeans.modules.java.testrunner.ant [1.32 28-bb4f5c31012229fb1577f019127e203b6925ab33]
	org.netbeans.modules.testng.ant [2.45 28-bb4f5c31012229fb1577f019127e203b6925ab33]
	org.netbeans.lib.terminalemulator [1.67 28-bb4f5c31012229fb1577f019127e203b6925ab33]
	org.netbeans.modules.terminal.nb [1.30 28-bb4f5c31012229fb1577f019127e203b6925ab33]
	org.netbeans.modules.templates/1 [1.37 28-bb4f5c31012229fb1577f019127e203b6925ab33]
	org.netbeans.modules.team.ide [1.44 28-bb4f5c31012229fb1577f019127e203b6925ab33]
	org.netbeans.modules.tasklist.ui/1 [1.61.0.1.1 1 28-bb4f5c31012229fb1577f019127e203b6925ab33]
	org.netbeans.modules.tasklist.todo/1 [1.61.0.1 1 28-bb4f5c31012229fb1577f019127e203b6925ab33]
	org.netbeans.modules.tasklist.projectint/1 [1.59 28-bb4f5c31012229fb1577f019127e203b6925ab33]
	org.netbeans.modules.tasklist.kit [1.58 28-bb4f5c31012229fb1577f019127e203b6925ab33]
	org.netbeans.modules.svg [1.1 28-bb4f5c31012229fb1577f019127e203b6925ab33]
	org.netbeans.libs.ini4j/1 [1.64 28-bb4f5c31012229fb1577f019127e203b6925ab33]
	org.netbeans.libs.svnClientAdapter/1 [1.70 28-bb4f5c31012229fb1577f019127e203b6925ab33]
	org.netbeans.modules.subversion [1.72.0.42.1 28-bb4f5c31012229fb1577f019127e203b6925ab33]
	org.netbeans.libs.cglib/1 [1.56 28-bb4f5c31012229fb1577f019127e203b6925ab33]
	org.netbeans.libs.springframework/1 [1.67 28-bb4f5c31012229fb1577f019127e203b6925ab33]
	org.netbeans.modules.j2ee.core.utilities/0 [1.64 28-bb4f5c31012229fb1577f019127e203b6925ab33]
	org.netbeans.modules.j2ee.metadata/0 [1.62 28-bb4f5c31012229fb1577f019127e203b6925ab33]
	org.netbeans.modules.ant.browsetask [1.70 28-bb4f5c31012229fb1577f019127e203b6925ab33]
	org.netbeans.modules.ant.debugger/1 [1.67.0.2 28-bb4f5c31012229fb1577f019127e203b6925ab33]
	org.netbeans.modules.ant.freeform/1 [1.76 28-bb4f5c31012229fb1577f019127e203b6925ab33]
	org.netbeans.core.multitabs/1 [1.42.0.1 1 28-bb4f5c31012229fb1577f019127e203b6925ab33]
	org.netbeans.modules.editor.bookmarks/1 [1.67 28-bb4f5c31012229fb1577f019127e203b6925ab33]
	org.netbeans.modules.editor.plain.lib/1 [1.63 28-bb4f5c31012229fb1577f019127e203b6925ab33]
	org.netbeans.modules.nativeimage.api/0 [0.22 28-bb4f5c31012229fb1577f019127e203b6925ab33]
	com.jcraft.jsch [0.1.72 0.1.72]
	org.netbeans.modules.dlight.nativeexecution [1.69.0.1 1 28-bb4f5c31012229fb1577f019127e203b6925ab33]
	org.netbeans.modules.dlight.terminal [1.54.0.1 1 28-bb4f5c31012229fb1577f019127e203b6925ab33]
	org.netbeans.core.multitabs.project [1.40.0.1.1 1 28-bb4f5c31012229fb1577f019127e203b6925ab33]
	org.netbeans.modules.editor.search [1.55.0.0.55 0 28-bb4f5c31012229fb1577f019127e203b6925ab33]
	org.netbeans.modules.languages.diff [1.63 28-bb4f5c31012229fb1577f019127e203b6925ab33]
	org.netbeans.modules.html.parser/1 [1.64.0.1 1 28-bb4f5c31012229fb1577f019127e203b6925ab33]
	org.netbeans.modules.html.validation/1 [1.61 28-bb4f5c31012229fb1577f019127e203b6925ab33]
	org.netbeans.modules.properties/1 [1.85 28-bb4f5c31012229fb1577f019127e203b6925ab33]
	org.netbeans.modules.lexer.antlr4 [1.12.0.1 1 28-bb4f5c31012229fb1577f019127e203b6925ab33]
	org.netbeans.libs.tomljava/3 [1.6 28-bb4f5c31012229fb1577f019127e203b6925ab33]
	org.netbeans.modules.languages.toml [1.12 28-bb4f5c31012229fb1577f019127e203b6925ab33]
	org.netbeans.modules.go.lang [1.11 28-bb4f5c31012229fb1577f019127e203b6925ab33]
	org.netbeans.modules.languages.go [1.10 28-bb4f5c31012229fb1577f019127e203b6925ab33]
	org.netbeans.modules.languages.manifest [1.62 28-bb4f5c31012229fb1577f019127e203b6925ab33]
	org.netbeans.modules.languages.hcl [1.10 28-bb4f5c31012229fb1577f019127e203b6925ab33]
	org.netbeans.modules.editor.autosave/1 [1.21 28-bb4f5c31012229fb1577f019127e203b6925ab33]
	org.netbeans.modules.image/1 [1.78 28-bb4f5c31012229fb1577f019127e203b6925ab33]
	org.netbeans.modules.editor.kit [1.63 28-bb4f5c31012229fb1577f019127e203b6925ab33]
	org.netbeans.modules.print [7.56 28-bb4f5c31012229fb1577f019127e203b6925ab33]
	org.netbeans.modules.autoupdate.cli [1.44 28-bb4f5c31012229fb1577f019127e203b6925ab33]
	org.netbeans.libs.osgi [1.52 28-bb4f5c31012229fb1577f019127e203b6925ab33]
	org.netbeans.libs.felix [2.45 28-bb4f5c31012229fb1577f019127e203b6925ab33]
	org.netbeans.modules.janitor [1.23 28-bb4f5c31012229fb1577f019127e203b6925ab33]
	org.netbeans.modules.core.kit [1.61 28-bb4f5c31012229fb1577f019127e203b6925ab33]
	org.netbeans.modules.defaults/1 [1.61 28-bb4f5c31012229fb1577f019127e203b6925ab33]
	org.netbeans.modules.print.editor [7.56 28-bb4f5c31012229fb1577f019127e203b6925ab33]
	org.netbeans.modules.editor.macros/0 [1.61.0.1.23 1 28-bb4f5c31012229fb1577f019127e203b6925ab33]
	org.netbeans.modules.editor.plain/2 [1.65 28-bb4f5c31012229fb1577f019127e203b6925ab33]
	org.netbeans.modules.ide.kit [1.63 28-bb4f5c31012229fb1577f019127e203b6925ab33]
	org.netbeans.modules.projectui.buildmenu/1 [1.56.0.1 1 28-bb4f5c31012229fb1577f019127e203b6925ab33]
	org.netbeans.modules.ant.kit [1.59 28-bb4f5c31012229fb1577f019127e203b6925ab33]
	org.netbeans.modules.i18n/1 [1.83 28-bb4f5c31012229fb1577f019127e203b6925ab33]
	org.netbeans.modules.java.file.launcher [1.7 28-bb4f5c31012229fb1577f019127e203b6925ab33]
	org.netbeans.modules.refactoring.java/1 [1.92.0.1.3 1 28-bb4f5c31012229fb1577f019127e203b6925ab33]
	org.netbeans.modules.j2ee.metadata.model.support/1 [1.61 28-bb4f5c31012229fb1577f019127e203b6925ab33]
	org.netbeans.modules.j2ee.persistenceapi/1 [1.66.0.1 1 28-bb4f5c31012229fb1577f019127e203b6925ab33]
	org.netbeans.modules.debugger.jpda.ant [1.68 28-bb4f5c31012229fb1577f019127e203b6925ab33]
	org.netbeans.modules.java.j2seproject/1 [1.117.0.48 48 28-bb4f5c31012229fb1577f019127e203b6925ab33]
	org.netbeans.modules.javawebstart [1.63 28-bb4f5c31012229fb1577f019127e203b6925ab33]
	org.netbeans.libs.junit4 [1.48 28-bb4f5c31012229fb1577f019127e203b6925ab33]
	org.netbeans.modules.junitlib [1.35 28-bb4f5c31012229fb1577f019127e203b6925ab33]
	org.netbeans.modules.junit/2 [2.104 28-bb4f5c31012229fb1577f019127e203b6925ab33]
	org.netbeans.modules.java.freeform/1 [1.73 28-bb4f5c31012229fb1577f019127e203b6925ab33]
	org.netbeans.modules.java.j2seembedded [1.39 28-bb4f5c31012229fb1577f019127e203b6925ab33]
	org.netbeans.modules.java.debug [1.68.0.1.3.6 1 28-bb4f5c31012229fb1577f019127e203b6925ab33]
	org.netbeans.modules.java.examples/1 [1.66 28-bb4f5c31012229fb1577f019127e203b6925ab33]
	org.netbeans.modules.java.hints.ui [1.48.0.1.13 1 28-bb4f5c31012229fb1577f019127e203b6925ab33]
	org.netbeans.modules.java.nativeimage.debugger/0 [0.20 28-bb4f5c31012229fb1577f019127e203b6925ab33]
	org.netbeans.modules.java.completion [2.16.0.2 2 28-bb4f5c31012229fb1577f019127e203b6925ab33]
	org.netbeans.modules.java.editor.base [2.95.0.1 1 28-bb4f5c31012229fb1577f019127e203b6925ab33]
	org.netbeans.modules.java.editor/1 [2.98.0.12.1.1.1 12 28-bb4f5c31012229fb1577f019127e203b6925ab33]
	org.netbeans.modules.java.navigation/1 [1.71 28-bb4f5c31012229fb1577f019127e203b6925ab33]
	org.netbeans.modules.java.hints.legacy.spi/1 [1.47.0.1.13 1 28-bb4f5c31012229fb1577f019127e203b6925ab33]
	org.netbeans.modules.java.hints/1 [1.113.0.17.3.12.1.1.32.6.1.1.13 17 28-bb4f5c31012229fb1577f019127e203b6925ab33]
	org.netbeans.modules.java.hints.declarative/1 [1.50.0.1.17.13 1 28-bb4f5c31012229fb1577f019127e203b6925ab33]
	org.netbeans.modules.java.j2seprofiles [1.38 28-bb4f5c31012229fb1577f019127e203b6925ab33]
	org.netbeans.modules.java.j2sedeploy [1.42 28-bb4f5c31012229fb1577f019127e203b6925ab33]
	org.netbeans.modules.java.j2seplatform/1 [1.73 28-bb4f5c31012229fb1577f019127e203b6925ab33]
	org.netbeans.modules.javadoc/1 [1.85.0.2 2 28-bb4f5c31012229fb1577f019127e203b6925ab33]
	org.netbeans.libs.graalsdk [1.31 28-bb4f5c31012229fb1577f019127e203b6925ab33]
	org.netbeans.modules.nashorn.execution/1 [1.36 28-bb4f5c31012229fb1577f019127e203b6925ab33]
	org.netbeans.modules.beans/1 [1.81.0.1.12 1 28-bb4f5c31012229fb1577f019127e203b6925ab33]
	org.netbeans.modules.java.openjdk.project/1 [1.27 28-bb4f5c31012229fb1577f019127e203b6925ab33]
	org.netbeans.api.visual [2.78 28-bb4f5c31012229fb1577f019127e203b6925ab33]
	org.netbeans.modules.java.graph/1 [1.31 28-bb4f5c31012229fb1577f019127e203b6925ab33]
	org.netbeans.modules.java.module.graph [1.30 28-bb4f5c31012229fb1577f019127e203b6925ab33]
	org.netbeans.modules.spellchecker.bindings.java/1 [1.60 28-bb4f5c31012229fb1577f019127e203b6925ab33]
	org.netbeans.modules.languages.antlr [1.12 28-bb4f5c31012229fb1577f019127e203b6925ab33]
	org.netbeans.modules.java.source.ant [1.61.0.1.6 1 28-bb4f5c31012229fb1577f019127e203b6925ab33]
	org.netbeans.modules.projectimport.eclipse.core/1 [2.60 28-bb4f5c31012229fb1577f019127e203b6925ab33]
	org.netbeans.modules.java.kit [1.65 28-bb4f5c31012229fb1577f019127e203b6925ab33]
	org.netbeans.modules.spring.beans/0 [1.70.0.1 1 28-bb4f5c31012229fb1577f019127e203b6925ab33]
	org.netbeans.modules.spellchecker [1.65.0.1.8 1 28-bb4f5c31012229fb1577f019127e203b6925ab33]
	org.netbeans.modules.spellchecker.kit [1.55 28-bb4f5c31012229fb1577f019127e203b6925ab33]
	org.netbeans.modules.spellchecker.dictionary_en [1.52 28-bb4f5c31012229fb1577f019127e203b6925ab33]
	org.netbeans.modules.properties.syntax/1 [1.80 28-bb4f5c31012229fb1577f019127e203b6925ab33]
	org.netbeans.modules.spellchecker.bindings.properties [1.52 28-bb4f5c31012229fb1577f019127e203b6925ab33]
	org.netbeans.modules.spellchecker.bindings.htmlxml [1.57 28-bb4f5c31012229fb1577f019127e203b6925ab33]
	org.netbeans.lib.v8debug/1 [1.46 28-bb4f5c31012229fb1577f019127e203b6925ab33]
	org.netbeans.modules.javascript.v8debug/1 [1.40.0.1 1 28-bb4f5c31012229fb1577f019127e203b6925ab33]
	org.netbeans.modules.selenium2.webclient.protractor [1.33 28-bb4f5c31012229fb1577f019127e203b6925ab33]
	org.netbeans.modules.selenium2.webclient.mocha [1.36 28-bb4f5c31012229fb1577f019127e203b6925ab33]
	org.netbeans.modules.selenium2.java [1.32 28-bb4f5c31012229fb1577f019127e203b6925ab33]
	org.netbeans.modules.selenium2.maven [1.32 28-bb4f5c31012229fb1577f019127e203b6925ab33]
	org.netbeans.modules.schema2beans/1 [1.77 28-bb4f5c31012229fb1577f019127e203b6925ab33]
	org.netbeans.modules.projectimport.eclipse.j2se [1.58.0.48 28-bb4f5c31012229fb1577f019127e203b6925ab33]
	org.netbeans.modules.projectapi.nb [1.34 28-bb4f5c31012229fb1577f019127e203b6925ab33]
	org.netbeans.modules.project.spi.intern.impl [1.33 28-bb4f5c31012229fb1577f019127e203b6925ab33]
	org.netbeans.modules.progress.ui [1.63 28-bb4f5c31012229fb1577f019127e203b6925ab33]
	org.netbeans.modules.profiler.utilities/1 [1.67 28-bb4f5c31012229fb1577f019127e203b6925ab33]
	org.netbeans.lib.profiler/1 [1.139 28-bb4f5c31012229fb1577f019127e203b6925ab33]
	org.netbeans.lib.profiler.charts/1 [1.60 28-bb4f5c31012229fb1577f019127e203b6925ab33]
	org.netbeans.lib.profiler.common/1 [1.77 28-bb4f5c31012229fb1577f019127e203b6925ab33]
	org.netbeans.modules.profiler.api/1 [1.80 28-bb4f5c31012229fb1577f019127e203b6925ab33]
	org.netbeans.lib.profiler.ui/1 [1.176 28-bb4f5c31012229fb1577f019127e203b6925ab33]
	org.netbeans.modules.profiler.attach/2 [2.51 28-bb4f5c31012229fb1577f019127e203b6925ab33]
	org.netbeans.modules.profiler/3 [3.59 28-bb4f5c31012229fb1577f019127e203b6925ab33]
	org.netbeans.modules.profiler.snaptracer/1 [1.54 28-bb4f5c31012229fb1577f019127e203b6925ab33]
	org.netbeans.modules.profiler.projectsupport [1.63 28-bb4f5c31012229fb1577f019127e203b6925ab33]
	org.netbeans.modules.profiler.ppoints [1.54 28-bb4f5c31012229fb1577f019127e203b6925ab33]
	org.netbeans.modules.profiler.oql/2 [2.48 28-bb4f5c31012229fb1577f019127e203b6925ab33]
	org.netbeans.modules.profiler.oql.language/0 [0.58 28-bb4f5c31012229fb1577f019127e203b6925ab33]
	org.netbeans.modules.profiler.options [1.49 28-bb4f5c31012229fb1577f019127e203b6925ab33]
	org.netbeans.modules.profiler.nbimpl/1 [1.55 28-bb4f5c31012229fb1577f019127e203b6925ab33]
	org.netbeans.modules.profiler.nbmodule/1 [1.65 28-bb4f5c31012229fb1577f019127e203b6925ab33]
	org.netbeans.modules.profiler.heapwalker [1.142 28-bb4f5c31012229fb1577f019127e203b6925ab33]
	org.netbeans.modules.profiler.kit [1.49 28-bb4f5c31012229fb1577f019127e203b6925ab33]
	org.netbeans.modules.profiler.j2se/1 [1.66 28-bb4f5c31012229fb1577f019127e203b6925ab33]
	org.netbeans.modules.j2eeapis/1 [1.62 28-bb4f5c31012229fb1577f019127e203b6925ab33]
	org.netbeans.modules.j2ee.dd/1 [1.70.0.2 2 28-bb4f5c31012229fb1577f019127e203b6925ab33]
	org.netbeans.modules.j2ee.core/0 [1.55 28-bb4f5c31012229fb1577f019127e203b6925ab33]
	org.netbeans.api.web.webmodule [1.68 28-bb4f5c31012229fb1577f019127e203b6925ab33]
	org.netbeans.modules.j2ee.api.ejbmodule [1.67 28-bb4f5c31012229fb1577f019127e203b6925ab33]
	org.netbeans.modules.j2eeserver/4 [1.141.0.1 1 28-bb4f5c31012229fb1577f019127e203b6925ab33]
	org.netbeans.modules.db.metadata.model/1 [1.41 28-bb4f5c31012229fb1577f019127e203b6925ab33]
	org.netbeans.modules.db/1 [1.99.0.30 30 28-bb4f5c31012229fb1577f019127e203b6925ab33]
	org.netbeans.modules.dbapi [1.64.0.30 28-bb4f5c31012229fb1577f019127e203b6925ab33]
	org.netbeans.modules.dbschema/1 [1.71.0.4.30 4 28-bb4f5c31012229fb1577f019127e203b6925ab33]
	org.netbeans.modules.javaee.injection [1.36 28-bb4f5c31012229fb1577f019127e203b6925ab33]
	org.netbeans.modules.j2ee.eclipselink/1 [1.62 28-bb4f5c31012229fb1577f019127e203b6925ab33]
	org.netbeans.modules.j2ee.persistence [1.85.0.1 1 28-bb4f5c31012229fb1577f019127e203b6925ab33]
	org.netbeans.modules.profiler.j2ee/1 [1.64 28-bb4f5c31012229fb1577f019127e203b6925ab33]
	org.netbeans.modules.profiler.freeform/1 [1.65 28-bb4f5c31012229fb1577f019127e203b6925ab33]
	org.netbeans.modules.parsing.ui [1.44.0.1 28-bb4f5c31012229fb1577f019127e203b6925ab33]
	org.netbeans.modules.parsing.nb [1.34.0.8.1 28-bb4f5c31012229fb1577f019127e203b6925ab33]
	org.netbeans.modules.notifications [1.38 28-bb4f5c31012229fb1577f019127e203b6925ab33]
	org.netbeans.core.netigso [1.61 28-bb4f5c31012229fb1577f019127e203b6925ab33]
	org.netbeans.modules.netbinox [1.71 28-bb4f5c31012229fb1577f019127e203b6925ab33]
	org.netbeans.insane/1 [1.59.0.1 1 28-bb4f5c31012229fb1577f019127e203b6925ab33]
	org.netbeans.modules.nbjunit/1 [1.120 28-bb4f5c31012229fb1577f019127e203b6925ab33]
	org.eclipse.mylyn.commons.net [3.17.0 3.17.0.v20150706-2057]
	org.eclipse.mylyn.tasks.core [3.17.0 3.17.0.v20150828-2026]
	org.eclipse.core.jobs [3.5.100 3.5.100.v20110404]
	org.eclipse.mylyn.wikitext.core [2.6.0 2.6.0.v20150901-2143]
	org.netbeans.modules.bugtracking [1.139 28-bb4f5c31012229fb1577f019127e203b6925ab33]
	org.eclipse.equinox.common [3.6.0 3.6.0.v20110523]
	org.eclipse.core.runtime [3.7.0 3.7.0.v20110110]
	org.netbeans.modules.mylyn.util [1.66 28-bb4f5c31012229fb1577f019127e203b6925ab33]
	org.netbeans.modules.mercurial/2 [2.6.0.42.1 28-bb4f5c31012229fb1577f019127e203b6925ab33]
	org.netbeans.modules.maven.spring/1 [1.59 28-bb4f5c31012229fb1577f019127e203b6925ab33]
	org.netbeans.modules.maven.coverage [1.53 28-bb4f5c31012229fb1577f019127e203b6925ab33]
	org.netbeans.modules.maven.repository/1 [1.72 28-bb4f5c31012229fb1577f019127e203b6925ab33]
	org.netbeans.modules.maven.graph/1 [1.62 28-bb4f5c31012229fb1577f019127e203b6925ab33]
	org.netbeans.modules.maven.grammar/1 [1.77.0.1 28-bb4f5c31012229fb1577f019127e203b6925ab33]
	org.netbeans.modules.maven.osgi/1 [1.65 28-bb4f5c31012229fb1577f019127e203b6925ab33]
	org.netbeans.modules.maven.refactoring [1.51.0.1 28-bb4f5c31012229fb1577f019127e203b6925ab33]
	org.netbeans.modules.maven.checkstyle [1.47 28-bb4f5c31012229fb1577f019127e203b6925ab33]
	org.netbeans.modules.maven.kit/1 [4.61 28-bb4f5c31012229fb1577f019127e203b6925ab33]
	org.netbeans.modules.maven.search [1.62 28-bb4f5c31012229fb1577f019127e203b6925ab33]
	org.netbeans.modules.maven.profiler/1 [1.62 28-bb4f5c31012229fb1577f019127e203b6925ab33]
	org.netbeans.modules.maven.persistence/1 [1.59 28-bb4f5c31012229fb1577f019127e203b6925ab33]
	org.netbeans.modules.junit.ui [1.37 28-bb4f5c31012229fb1577f019127e203b6925ab33]
	org.netbeans.modules.maven.junit.ui [1.35 28-bb4f5c31012229fb1577f019127e203b6925ab33]
	org.netbeans.modules.maven.junit/1 [1.65 28-bb4f5c31012229fb1577f019127e203b6925ab33]
	org.netbeans.modules.maven.hints/1 [1.70 28-bb4f5c31012229fb1577f019127e203b6925ab33]
	org.netbeans.modules.masterfs.windows [1.46 28-bb4f5c31012229fb1577f019127e203b6925ab33]
	org.netbeans.modules.masterfs.nio2 [1.45 28-bb4f5c31012229fb1577f019127e203b6925ab33]
	org.netbeans.modules.markdown [1.18 28-bb4f5c31012229fb1577f019127e203b6925ab33]
	org.netbeans.modules.bugtracking.commons [1.38 28-bb4f5c31012229fb1577f019127e203b6925ab33]
	org.netbeans.modules.localtasks [1.55 28-bb4f5c31012229fb1577f019127e203b6925ab33]
	org.netbeans.modules.localhistory [1.65 28-bb4f5c31012229fb1577f019127e203b6925ab33]
	org.netbeans.modules.libs.gradle/8 [8.14 28-bb4f5c31012229fb1577f019127e203b6925ab33]
	org.netbeans.modules.lexer.nbbridge/1 [1.62.0.1 28-bb4f5c31012229fb1577f019127e203b6925ab33]
	org.netbeans.modules.languages.ini [1.55 28-bb4f5c31012229fb1577f019127e203b6925ab33]
	org.netbeans.modules.languages.apacheconf [1.46 28-bb4f5c31012229fb1577f019127e203b6925ab33]
	org.netbeans.modules.kotlin.editor [1.25 28-bb4f5c31012229fb1577f019127e203b6925ab33]
	org.netbeans.modules.keyring.fallback [1.38 28-bb4f5c31012229fb1577f019127e203b6925ab33]
	org.netbeans.modules.keyring.impl [1.54 28-bb4f5c31012229fb1577f019127e203b6925ab33]
	org.netbeans.modules.junit.ant.ui [1.35 28-bb4f5c31012229fb1577f019127e203b6925ab33]
	org.netbeans.modules.junit.ant [1.33 28-bb4f5c31012229fb1577f019127e203b6925ab33]
	org.netbeans.modules.debugger.jpda.projects [1.70 28-bb4f5c31012229fb1577f019127e203b6925ab33]
	org.netbeans.modules.debugger.jpda.projectsui [1.33 28-bb4f5c31012229fb1577f019127e203b6925ab33]
	org.netbeans.modules.debugger.jpda/2 [1.139.0.80 80 28-bb4f5c31012229fb1577f019127e203b6925ab33]
	org.netbeans.modules.jshell.support [1.30.0.3.55.17.1.6 28-bb4f5c31012229fb1577f019127e203b6925ab33]
	org.netbeans.modules.javascript2.jade/1 [0.36 28-bb4f5c31012229fb1577f019127e203b6925ab33]
	org.netbeans.modules.javascript2.vue [0.3 28-bb4f5c31012229fb1577f019127e203b6925ab33]
	org.netbeans.modules.javascript2.sdoc [1.28 28-bb4f5c31012229fb1577f019127e203b6925ab33]
	org.netbeans.modules.javascript2.requirejs [0.37 28-bb4f5c31012229fb1577f019127e203b6925ab33]
	org.netbeans.modules.javascript2.react [0.29 28-bb4f5c31012229fb1577f019127e203b6925ab33]
	org.netbeans.modules.javascript2.prototypejs [0.35 28-bb4f5c31012229fb1577f019127e203b6925ab33]
	org.netbeans.modules.javascript2.knockout [1.40 28-bb4f5c31012229fb1577f019127e203b6925ab33]
	org.netbeans.modules.javascript2.jsdoc [1.28 28-bb4f5c31012229fb1577f019127e203b6925ab33]
	org.netbeans.modules.javascript2.extjs [1.39 28-bb4f5c31012229fb1577f019127e203b6925ab33]
	org.netbeans.modules.javascript2.jquery [1.39 28-bb4f5c31012229fb1577f019127e203b6925ab33]
	org.netbeans.modules.javascript2.extdoc [1.28 28-bb4f5c31012229fb1577f019127e203b6925ab33]
	org.netbeans.modules.javascript2.kit/1 [0.43 28-bb4f5c31012229fb1577f019127e203b6925ab33]
	org.netbeans.modules.javascript2.html [1.20 28-bb4f5c31012229fb1577f019127e203b6925ab33]
	org.netbeans.modules.javascript.v8debug.ui/1 [1.29.0.1 28-bb4f5c31012229fb1577f019127e203b6925ab33]
	org.netbeans.lib.chrome_devtools_protocol/2 [2.3 28-bb4f5c31012229fb1577f019127e203b6925ab33]
	org.netbeans.modules.javascript.cdtdebug/1 [1.7.0.1 1 28-bb4f5c31012229fb1577f019127e203b6925ab33]
	org.netbeans.modules.javascript.cdtdebug.ui/1 [1.7.0.1 28-bb4f5c31012229fb1577f019127e203b6925ab33]
	org.netbeans.modules.java.source.queries [1.48 28-bb4f5c31012229fb1577f019127e203b6925ab33]
	org.netbeans.modules.java.source.queriesimpl [1.47 28-bb4f5c31012229fb1577f019127e203b6925ab33]
	org.netbeans.modules.java.mx.project [1.19 28-bb4f5c31012229fb1577f019127e203b6925ab33]
	org.netbeans.modules.java.metrics [1.38 28-bb4f5c31012229fb1577f019127e203b6925ab33]
	org.netbeans.html.xhr4j [1.8.2 1.8.2]
	net.java.html.json [1.8.2 1.8.2]
	net.java.html [1.8.2 1.8.2]
	net.java.html.boot [1.8.2 1.8.2]
	org.netbeans.html.ko4j [1.8.2 1.8.2]
	org.netbeans.api.htmlui [1.38 28-bb4f5c31012229fb1577f019127e203b6925ab33]
	org.netbeans.libs.truffleapi [1.31 28-bb4f5c31012229fb1577f019127e203b6925ab33]
	org.netbeans.modules.debugger.jpda.ui/1 [1.84 28-bb4f5c31012229fb1577f019127e203b6925ab33]
	org.netbeans.modules.debugger.jpda.truffle/1 [1.27 28-bb4f5c31012229fb1577f019127e203b6925ab33]
	org.netbeans.html.presenters.spi [1.8.2 1.8.2]
	org.netbeans.modules.java.lsp.server/2 [2.14.0.1.2.12.1.17.32.6.2.8.1.8.1.1.13 1 28-bb4f5c31012229fb1577f019127e203b6925ab33]
	org.netbeans.modules.java.j2semodule [1.32 28-bb4f5c31012229fb1577f019127e203b6925ab33]
	org.netbeans.modules.java.guards/0 [0.61 28-bb4f5c31012229fb1577f019127e203b6925ab33]
	org.netbeans.modules.java.disco [2.14 28-bb4f5c31012229fb1577f019127e203b6925ab33]
	org.netbeans.modules.j2ee.eclipselinkmodelgen/1 [1.62 28-bb4f5c31012229fb1577f019127e203b6925ab33]
	org.netbeans.modules.j2ee.jpa.refactoring [1.61 28-bb4f5c31012229fb1577f019127e203b6925ab33]
	org.netbeans.modules.j2ee.jpa.verification [1.65 28-bb4f5c31012229fb1577f019127e203b6925ab33]
	org.netbeans.modules.db.dataview [1.63 28-bb4f5c31012229fb1577f019127e203b6925ab33]
	org.netbeans.modules.db.core [1.67 28-bb4f5c31012229fb1577f019127e203b6925ab33]
	org.netbeans.modules.db.sql.editor [1.67.0.30 28-bb4f5c31012229fb1577f019127e203b6925ab33]
	org.netbeans.modules.db.drivers [1.60 28-bb4f5c31012229fb1577f019127e203b6925ab33]
	org.netbeans.modules.db.sql.visualeditor/1 [2.62.0.30 28-bb4f5c31012229fb1577f019127e203b6925ab33]
	org.netbeans.modules.db.mysql [0.58.0.2 2 28-bb4f5c31012229fb1577f019127e203b6925ab33]
	org.netbeans.modules.derby [1.70 28-bb4f5c31012229fb1577f019127e203b6925ab33]
	org.netbeans.modules.db.kit [1.60 28-bb4f5c31012229fb1577f019127e203b6925ab33]
	org.netbeans.modules.j2ee.persistence.kit [1.62 28-bb4f5c31012229fb1577f019127e203b6925ab33]
	org.netbeans.modules.ide.ergonomics [1.57 28-bb4f5c31012229fb1577f019127e203b6925ab33]
	org.netbeans.modules.ide.dashboard/0 [0.7 28-bb4f5c31012229fb1577f019127e203b6925ab33]
	org.netbeans.modules.autoupdate.pluginimporter [1.50 28-bb4f5c31012229fb1577f019127e203b6925ab33]
	org.netbeans.modules.deadlock.detector [1.36 28-bb4f5c31012229fb1577f019127e203b6925ab33]
	org.netbeans.modules.ide.branding/1 [1.62 28-bb4f5c31012229fb1577f019127e203b6925ab33]
	org.netbeans.modules.ide.branding.kit [1.58 28-bb4f5c31012229fb1577f019127e203b6925ab33]
	org.netbeans.modules.form/2 [1.87.0.4 4 28-bb4f5c31012229fb1577f019127e203b6925ab33]
	org.netbeans.modules.form.nb/0 [0.48.0.1.4 1 28-bb4f5c31012229fb1577f019127e203b6925ab33]
	org.netbeans.modules.i18n.form/2 [1.80.0.4.1 28-bb4f5c31012229fb1577f019127e203b6925ab33]
	org.netbeans.libs.commons_net/2 [2.52.0.36 36 28-bb4f5c31012229fb1577f019127e203b6925ab33]
	org.netbeans.modules.hudson [2.43 28-bb4f5c31012229fb1577f019127e203b6925ab33]
	org.netbeans.modules.hudson.ui [1.41 28-bb4f5c31012229fb1577f019127e203b6925ab33]
	org.netbeans.modules.hudson.tasklist [1.47 28-bb4f5c31012229fb1577f019127e203b6925ab33]
	org.netbeans.modules.hudson.subversion [1.59 28-bb4f5c31012229fb1577f019127e203b6925ab33]
	org.netbeans.modules.hudson.mercurial [1.59 28-bb4f5c31012229fb1577f019127e203b6925ab33]
	org.netbeans.modules.hudson.maven [1.59 28-bb4f5c31012229fb1577f019127e203b6925ab33]
	org.netbeans.modules.hudson.git [1.48 28-bb4f5c31012229fb1577f019127e203b6925ab33]
	org.netbeans.modules.hudson.ant [1.57 28-bb4f5c31012229fb1577f019127e203b6925ab33]
	org.netbeans.modules.html.custom [1.36 28-bb4f5c31012229fb1577f019127e203b6925ab33]
	org.netbeans.core.browser/1 [1.58.0.1 1 28-bb4f5c31012229fb1577f019127e203b6925ab33]
	org.netbeans.modules.html.angular [1.42 28-bb4f5c31012229fb1577f019127e203b6925ab33]
	org.netbeans.modules.gradle/2 [2.48.0.1 1 28-bb4f5c31012229fb1577f019127e203b6925ab33]
	org.netbeans.modules.gradle.java [1.33.0.1.1 1 28-bb4f5c31012229fb1577f019127e203b6925ab33]
	org.netbeans.modules.gradle.test [1.27 28-bb4f5c31012229fb1577f019127e203b6925ab33]
	org.netbeans.modules.gradle.spring [1.26 28-bb4f5c31012229fb1577f019127e203b6925ab33]
	org.netbeans.modules.gradle.persistence [1.26 28-bb4f5c31012229fb1577f019127e203b6925ab33]
	org.netbeans.modules.gradle.editor [1.12 28-bb4f5c31012229fb1577f019127e203b6925ab33]
	org.netbeans.modules.gradle.dists [1.18 28-bb4f5c31012229fb1577f019127e203b6925ab33]
	org.netbeans.modules.gradle.java.coverage [1.23 28-bb4f5c31012229fb1577f019127e203b6925ab33]
	org.netbeans.modules.gradle.kit [1.26 28-bb4f5c31012229fb1577f019127e203b6925ab33]
	org.netbeans.libs.freemarker/1 [2.64.0.239 239 28-bb4f5c31012229fb1577f019127e203b6925ab33]
	org.netbeans.modules.gradle.htmlui [1.25 28-bb4f5c31012229fb1577f019127e203b6925ab33]
	org.netbeans.modules.gradle.dependencies [1.7.0.1.1.1 28-bb4f5c31012229fb1577f019127e203b6925ab33]
	org.eclipse.jgit [7.2.0 7.2.0.202503040940-r]
	org.eclipse.jgit.ssh.jsch [7.2.0 7.2.0.202503040940-r]
	org.netbeans.libs.jsch.agentproxy/2 [1.14 28-bb4f5c31012229fb1577f019127e203b6925ab33]
	org.netbeans.libs.git/1 [1.65 28-bb4f5c31012229fb1577f019127e203b6925ab33]
	org.netbeans.modules.git [1.53.0.1 28-bb4f5c31012229fb1577f019127e203b6925ab33]
	org.netbeans.modules.form.refactoring/0 [0.47.0.1.4.1 1 28-bb4f5c31012229fb1577f019127e203b6925ab33]
	org.netbeans.modules.form.kit [1.58 28-bb4f5c31012229fb1577f019127e203b6925ab33]
	org.netbeans.modules.extexecution.process [1.58 28-bb4f5c31012229fb1577f019127e203b6925ab33]
	org.netbeans.modules.extexecution.impl [1.55 28-bb4f5c31012229fb1577f019127e203b6925ab33]
	org.netbeans.modules.editor.mimelookup.impl/1 [1.62 28-bb4f5c31012229fb1577f019127e203b6925ab33]
	org.netbeans.modules.editor.htmlui [1.29 28-bb4f5c31012229fb1577f019127e203b6925ab33]
	org.netbeans.modules.editor.global.format/1 [1.45.0.1 1 28-bb4f5c31012229fb1577f019127e203b6925ab33]
	libs.c.kohlschutter.junixsocket/2 [3.12 28-bb4f5c31012229fb1577f019127e203b6925ab33]
	org.netbeans.modules.docker.api/0 [1.50 28-bb4f5c31012229fb1577f019127e203b6925ab33]
	org.netbeans.modules.docker.ui/0 [1.30 28-bb4f5c31012229fb1577f019127e203b6925ab33]
	org.netbeans.modules.docker.editor/0 [1.30 28-bb4f5c31012229fb1577f019127e203b6925ab33]
	org.netbeans.modules.dlight.nativeexecution.nb [1.30 28-bb4f5c31012229fb1577f019127e203b6925ab33]
	org.netbeans.modules.debugger.jpda.visual/1 [1.47 28-bb4f5c31012229fb1577f019127e203b6925ab33]
	org.netbeans.modules.debugger.jpda.trufflenode/1 [1.27 28-bb4f5c31012229fb1577f019127e203b6925ab33]
	org.netbeans.modules.debugger.jpda.js/1 [1.40 28-bb4f5c31012229fb1577f019127e203b6925ab33]
	org.netbeans.modules.debugger.jpda.jsui/1 [1.30 28-bb4f5c31012229fb1577f019127e203b6925ab33]
	org.netbeans.modules.debugger.jpda.kit [1.45 28-bb4f5c31012229fb1577f019127e203b6925ab33]
	org.netbeans.modules.debugger.jpda.heapwalk/1 [1.61 28-bb4f5c31012229fb1577f019127e203b6925ab33]
	org.netbeans.modules.css.prep [1.60 28-bb4f5c31012229fb1577f019127e203b6925ab33]
	org.netbeans.modules.cordova.platforms [1.66 28-bb4f5c31012229fb1577f019127e203b6925ab33]
	org.netbeans.modules.cordova.platforms.android [1.56 28-bb4f5c31012229fb1577f019127e203b6925ab33]
	org.netbeans.modules.cordova [1.63 28-bb4f5c31012229fb1577f019127e203b6925ab33]
	org.eclipse.mylyn.bugzilla.core [3.17.0 3.17.0.v20150828-2026]
	org.apache.commons.httpclient [3.1.0 3.1.0]
	org.netbeans.modules.bugzilla [1.107 28-bb4f5c31012229fb1577f019127e203b6925ab33]
	org.netbeans.modules.bugtracking.bridge [1.76 28-bb4f5c31012229fb1577f019127e203b6925ab33]
	org.netbeans.modules.ant.hints/1 [1.24 28-bb4f5c31012229fb1577f019127e203b6925ab33]
	org.netbeans.modules.ant.grammar/1 [1.74 28-bb4f5c31012229fb1577f019127e203b6925ab33]
	org.netbeans.libs.svnClientAdapter.javahl/1 [1.54 28-bb4f5c31012229fb1577f019127e203b6925ab33]
	org.netbeans.libs.nbjavacapi [21.8 28-bb4f5c31012229fb1577f019127e203b6925ab33]
	org.netbeans.libs.graaljs/2 [1.31 28-bb4f5c31012229fb1577f019127e203b6925ab33]
	org.netbeans.core.network [1.42 28-bb4f5c31012229fb1577f019127e203b6925ab33]
	org.netbeans.core.nativeaccess/1 [1.61 28-bb4f5c31012229fb1577f019127e203b6925ab33]
	org.netbeans.core.io.ui/1 [1.60 28-bb4f5c31012229fb1577f019127e203b6925ab33]
	org.netbeans.agent [1.2 28-bb4f5c31012229fb1577f019127e203b6925ab33]
	org.eclipse.mylyn.commons.xmlrpc [3.17.0 3.17.0.v20150625-2042]
	org.eclipse.mylyn.commons.repositories.core [1.9.0 1.9.0.v20150625-2042]
	org.eclipse.mylyn.commons.core [3.17.0 3.17.0.v20150625-2042]
	org.eclipse.equinox.security [1.1.1 1.1.1.R37x_v20110822-1018]
	org.eclipse.equinox.registry [3.5.200 3.5.200.v20120522-1841]
	org.eclipse.equinox.preferences [3.4.2 3.4.2.v20120111-2020]
	org.eclipse.equinox.app [1.3.100 1.3.100.v20110321]
	org.eclipse.core.runtime.compatibility.auth [3.2.200 3.2.200.v20110110]
	org.eclipse.core.net [1.2.100 1.2.100.I20110511-0800]
	org.eclipse.core.contenttype [3.4.100 3.4.100.v20110423-0524]
	org.apache.xmlrpc [3.1.3 3.1.3]
	org.apache.ws.commons.util [1.0.1 1.0.1]
	org.apache.commons.lang [2.6 2.6]
	com.jcraft.jzlib [1.1.3 1.1.3]
	com.googlecode.javaewah.JavaEWAH [1.2.3 1.2.3]
	com.google.guava.failureaccess [1.0.3 1.0.3]
	bcprov [1.77 1.77]
INFO [org.netbeans.core.netigso.Netigso]: bundle bcpg@1.77.0 resolved
INFO [org.netbeans.core.netigso.Netigso]: bundle org.eclipse.mylyn.wikitext.textile.core@2.6.0.v20150901-2143 resolved
INFO [org.netbeans.core.netigso.Netigso]: bundle net.java.html.boot.fx@1.8.2 resolved
INFO [org.netbeans.core.netigso.Netigso]: bundle net.java.html.geo@1.8.2 resolved
INFO [org.netbeans.core.netigso.Netigso]: bundle net.java.html.sound@1.8.2 resolved
INFO [org.netbeans.core.netigso.Netigso]: bundle net.java.html.boot.script@1.8.2 resolved
INFO [org.netbeans.core.netigso.Netigso]: bundle org.eclipse.mylyn.wikitext.confluence.core@2.6.0.v20150901-2143 resolved
INFO [org.netbeans.core.netigso.Netigso]: bundle bcutil@1.77.0 resolved
INFO [org.netbeans.core.netigso.Netigso]: bundle bcpkix@1.77.0 resolved
INFO [org.netbeans.core.netigso.Netigso]: bundle org.eclipse.mylyn.wikitext.markdown.core@2.6.0.v20150901-2143 resolved
INFO [org.netbeans.core.netigso.Netigso]: bundle org.eclipse.jgit.lfs@7.2.0.202503040940-r resolved
INFO [org.netbeans.core.netigso.Netigso]: bundle org.eclipse.osgi@3.9.1.v20140110-1610 started
INFO [org.netbeans.core.network.proxy.NetworkProxyReloader]: System network proxy resolver: Windows
INFO [org.netbeans.core.network.proxy.NetworkProxyReloader]: System network proxy reloading succeeded.
INFO [org.netbeans.core.network.proxy.NetworkProxyReloader]: System network proxy - mode: direct
INFO [org.netbeans.core.network.proxy.NetworkProxyReloader]: System network proxy: fell to default (correct if direct mode went before)
INFO [org.netbeans.ui.metrics.laf]: USG_LOOK_AND_FEEL
INFO [org.netbeans.ui.metrics.web.clientproject]: HTML5 project was opened [browser ID: Chrome, tests: NO, cordova: NO, Gruntfile.js: NO, bower.json: NO, package.json: NO, gulpfile.js: NO, selenium: NO, JS platforms: ].
INFO [org.netbeans.ui.metrics.projects]: USG_PROJECT_OPEN
INFO [org.netbeans.ui.indexing]: Indexing started, time from last indexing 0 ms.
WARNING [org.openide.filesystems.Ordering]: Not all children in / marked with the position attribute: [org-netbeans-modules-refactoring-java-plugins-InstantRefactoringPerformer$UndoableWrapper.instance, org-netbeans-modules-testng-ui-actions-TestClassInfoTask$TestNGComputeTestMethodsImpl.instance, org-netbeans-modules-debugger-jpda-ui-values-InlineValueProviderImpl.instance, org-netbeans-modules-java-hints-spiimpl-hints-HintsTask$SuggestionsPositionRefresherHelper.instance, org-netbeans-modules-java-hints-spiimpl-options-HintsSettings$GlobalSettingsProvider.instance, org-netbeans-modules-editor-java-JavaKit$JavaTypedTextInterceptor$Factory.instance, org-netbeans-modules-java-hints-declarative-debugging-EvaluationSpanTask$FactoryImpl.instance, org-netbeans-modules-refactoring-java-ui-HighlightsLayerFactory.instance, org-netbeans-modules-java-editor-codegen-RemoveSurroundingCodePanel$UnwrapCodeHighlightsLayerFactory.instance, EditorKit.instance, org-netbeans-modules-java-navigation-BreadCrumbsScanningTask$Factory.instance, org-netbeans-modules-java-hints-infrastructure-JavaErrorProvider.instance, org-netbeans-modules-java-hints-infrastructure-ErrorHintsFactory.instance, org-netbeans-modules-junit-ui-actions-TestClassInfoTask$JUnitComputeTestMethodsImpl.instance, org-netbeans-modules-java-editor-semantic-SemanticHighlighterFactory.instance, org-netbeans-modules-java-hints-infrastructure-EmbeddedLazyHintComputation$FactoryImpl.instance, Reformatter.instance, org-netbeans-modules-java-source-indexing-JavaCustomIndexer$Factory-register.instance, org-netbeans-modules-java-hints-infrastructure-ErrorPositionRefresherHelper.instance, org-netbeans-modules-java-hints-introduce-IntroduceHint$HLFImpl.instance, org-netbeans-modules-editor-htmlui-JSEmbeddingProvider$Factory.instance, org-netbeans-modules-editor-java-CamelCaseOperations$JavaCamelCaseInterceptor$JavaFactory.instance, org-netbeans-modules-java-editor-whitelist-WhiteListCheckTask$Factory.instance, org-netbeans-modules-gsf-codecoverage-CoverageHighlightsLayerFactory.instance, SourcePathCheck.instance, org-netbeans-modules-editor-java-JavaKit$JavaDeletedTextInterceptor$Factory.instance, org-netbeans-modules-javadoc-highlighting-Factory.instance, org-netbeans-modules-java-editor-fold-ResourceStringFoldProvider.instance, AutoIndenter.instance, org-netbeans-modules-java-guards-JavaGuardedSections.instance, org-netbeans-modules-whitelist-index-WhiteListIndexerPlugin$Factory.instance, org-netbeans-modules-java-debug-HighlightsLayerFactoryImpl.instance, CopyResourcesIndexer.instance, org-netbeans-modules-debugger-jpda-ui-models-InlineValueComputerImpl-createHighlightsLayerFactory.instance, org-netbeans-modules-refactoring-java-plugins-InstantRefactoringPerformer$RenameDeletedTextInterceptor$Factory.instance, org-netbeans-modules-java-source-parsing-JavacParserFactory.instance, org-netbeans-modules-java-editor-semantic-HighlightsLayerFactoryImpl.instance, org-netbeans-modules-java-editor-rename-InstantRenamePerformer$RenameDeletedTextInterceptor$Factory.instance, org-netbeans-modules-java-editor-overridden-ComputeAnnotations$FactoryImpl.instance, org.netbeans.spi.editor.highlighting.HighlightsLayerFactory.instance, Reindenter.instance, org-netbeans-modules-java-editor-semantic-MarkOccurrencesHighlighterFactory.instance, org-netbeans-modules-debugger-jpda-projectsui-HighlightsLayerFactoryImpl.instance, org-netbeans-modules-java-source-parsing-VanillaPartialReparser$VerifyPartialReparse$FactoryImpl.instance, org-netbeans-modules-java-hints-spiimpl-hints-HintsTask$HintPositionRefresherHelper.instance, org-netbeans-modules-refactoring-java-callhierarchy-LspCallHierarchyProvider.instance, language.instance, org-netbeans-modules-editor-java-JavaKit$JavaTypedBreakInterceptor$JavaFactory.instance, org-netbeans-modules-java-hints-introduce-PositionRefresherHelperImpl.instance, org-netbeans-modules-profiler-nbimpl-providers-JavaProfilerSourceImpl.instance, org-netbeans-modules-java-hints-spiimpl-JavaHintsPositionRefresher.instance, org-netbeans-modules-lsp-client-bindings-SemanticHighlight$HighlightsLayerFactoryImpl.instance, org-netbeans-modules-editor-fold-ui-FoldingEditorSupport$F.instance, org-netbeans-modules-java-source-indexing-JavaBinaryIndexer$Factory-register.instance, org-netbeans-lib-editor-codetemplates-textsync-TextRegionManager$Highlighting$HLFactory.instance, org-netbeans-modules-lsp-client-bindings-MarkOccurrences$HighlightsLayerFactoryImpl.instance, org-netbeans-modules-lsp-client-bindings-CustomIndexerImpl$FactoryImpl.instance, org-netbeans-modules-merge-builtin-visualizer-MergeHighlightsLayerFactory.instance, org-netbeans-modules-csl-hints-infrastructure-SelectionHintsTaskFactory.instance, org-netbeans-modules-editor-hints-lsp-HintsDiagnosticsProvider.instance, org-netbeans-modules-java-hints-infrastructure-EmbeddedHintsCollector$Factory.instance, org-netbeans-modules-csl-core-CslCamelCaseInterceptor$Factory.instance, org-netbeans-modules-csl-editor-overridden-ComputeAnnotations$FactoryImpl.instance, org-netbeans-modules-spellchecker-SpellcheckerHighlightLayerFactory.instance, org-netbeans-modules-editor-impl-DocumentFactoryImpl.instance, org-netbeans-modules-diff-builtin-visualizer-editable-DiffHighlightsLayerFactory.instance, org-netbeans-modules-csl-editor-fold-GsfFoldManagerTaskFactory.instance, org-netbeans-modules-textmate-lexer-SyntaxHighlighting$FactoryImpl.instance, org-netbeans-modules-editor-impl-highlighting-HLFactory.instance, org-netbeans-modules-editor-hints-HighlightsLayerFactoryImpl.instance, org-netbeans-modules-editor-bracesmatching-BracesMatchHighlighting$Factory.instance, org-netbeans-lib-editor-hyperlink-HyperlinkOperation$HighlightFactoryImpl.instance, org-netbeans-modules-javascript2-editor-embedding-JsEmbeddingProvider$Factory.instance, org-netbeans-modules-csl-editor-semantic-MarkOccurrencesHighlighterFactory.instance, org-netbeans-modules-editor-lib2-highlighting-Factory.instance, org-netbeans-modules-editor-search-TextSearchHighlighting$FactoryImpl.instance, org-netbeans-modules-csl-hints-infrastructure-HintsTaskFactory.instance, org-netbeans-modules-refactoring-spi-impl-UndoableWrapper.instance, COSSynchronizingIndexer.instance, org-netbeans-modules-gsf-testrunner-ui-TestMethodFinderImpl$Factory.instance, org-netbeans-modules-csl-hints-GsfHintsFactory.instance, org-netbeans-modules-csl-navigation-BreadCrumbsTask$TaskFactoryImpl.instance, org-netbeans-modules-editor-url-HighlightURLs$FactoryImpl.instance, org-netbeans-modules-tasklist-impl-TaskIndexerFactory.instance, org-netbeans-modules-csl-hints-infrastructure-SuggestionsTaskFactory.instance, org-netbeans-modules-java-lsp-server-protocol-Server$CustomIndexerTelemetryFactory-getDefault.instance, org-netbeans-modules-jumpto-file-FileIndexer$Factory.instance, org-netbeans-modules-csl-navigation-CaretListeningFactory.instance, org-netbeans-modules-csl-navigation-ClassMemberNavigatorSourceFactory.instance, org-netbeans-modules-csl-editor-semantic-SemanticHighlighterFactory.instance, org-netbeans-modules-spring-beans-index-SpringBinaryIndexer.instance], but some are: [org-netbeans-modules-editor-java-JavaStructureProvider.instance, org-netbeans-modules-java-file-launcher-indexer-CompilerOptionsIndexer$FactoryImpl.instance]
INFO [org.netbeans.modules.parsing.impl.indexing.RepositoryUpdater]: Resolving dependencies took: 15 ms
INFO [org.netbeans.modules.parsing.impl.indexing.RepositoryUpdater]: Complete indexing of 0 binary roots took: 0 ms
Diagnostic information
Input arguments:
	-Dnetbeans.importclass=org.netbeans.upgrade.AutoUpgrade
	-XX:+UseStringDeduplication
	-Xss2m
	-Djava.lang.Runtime.level=FINE
	-Dapple.laf.useScreenMenuBar=true
	-Dapple.awt.application.appearance=system
	-Dsun.java2d.noddraw=true
	-Dsun.java2d.dpiaware=true
	-Dplugin.manager.check.updates=false
	-Dnetbeans.extbrowser.manual_chrome_plugin_install=yes
	--enable-native-access=ALL-UNNAMED
	--add-opens=java.base/java.net=ALL-UNNAMED
	--add-opens=java.base/java.lang.ref=ALL-UNNAMED
	--add-opens=java.base/java.lang=ALL-UNNAMED
	--add-opens=java.base/java.security=ALL-UNNAMED
	--add-opens=java.base/java.util=ALL-UNNAMED
	--add-opens=java.base/java.nio=ALL-UNNAMED
	--add-exports=java.base/sun.reflect.annotation=ALL-UNNAMED
	--add-opens=java.prefs/java.util.prefs=ALL-UNNAMED
	--add-opens=java.desktop/javax.swing.plaf.basic=ALL-UNNAMED
	--add-opens=java.desktop/javax.swing.text=ALL-UNNAMED
	--add-opens=java.desktop/javax.swing=ALL-UNNAMED
	--add-opens=java.desktop/java.awt=ALL-UNNAMED
	--add-opens=java.desktop/java.awt.event=ALL-UNNAMED
	--add-opens=java.desktop/sun.awt.X11=ALL-UNNAMED
	--add-opens=java.desktop/javax.swing.plaf.synth=ALL-UNNAMED
	--add-opens=java.desktop/com.sun.java.swing.plaf.gtk=ALL-UNNAMED
	--add-opens=java.desktop/com.sun.java.swing.plaf.windows=ALL-UNNAMED
	--add-opens=java.desktop/com.apple.laf=ALL-UNNAMED
	--add-opens=java.desktop/sun.awt.im=ALL-UNNAMED
	--add-exports=java.desktop/sun.awt=ALL-UNNAMED
	--add-exports=java.desktop/java.awt.peer=ALL-UNNAMED
	--add-exports=java.desktop/com.sun.beans.editors=ALL-UNNAMED
	--add-exports=java.desktop/sun.swing=ALL-UNNAMED
	--add-exports=java.desktop/sun.awt.im=ALL-UNNAMED
	--add-exports=java.desktop/com.sun.java.swing.plaf.motif=ALL-UNNAMED
	--add-exports=java.desktop/com.apple.eio=ALL-UNNAMED
	--add-opens=jdk.compiler/com.sun.tools.javac.api=ALL-UNNAMED
	--add-opens=jdk.compiler/com.sun.tools.javac.code=ALL-UNNAMED
	--add-opens=jdk.compiler/com.sun.tools.javac.comp=ALL-UNNAMED
	--add-opens=jdk.compiler/com.sun.tools.javac.file=ALL-UNNAMED
	--add-opens=jdk.compiler/com.sun.tools.javac.jvm=ALL-UNNAMED
	--add-opens=jdk.compiler/com.sun.tools.javac.main=ALL-UNNAMED
	--add-opens=jdk.compiler/com.sun.tools.javac.model=ALL-UNNAMED
	--add-opens=jdk.compiler/com.sun.tools.javac.parser=ALL-UNNAMED
	--add-opens=jdk.compiler/com.sun.tools.javac.processing=ALL-UNNAMED
	--add-opens=jdk.compiler/com.sun.tools.javac.tree=ALL-UNNAMED
	--add-opens=jdk.compiler/com.sun.tools.javac.util=ALL-UNNAMED
	--add-exports=jdk.compiler/com.sun.tools.javac.api=ALL-UNNAMED
	--add-exports=jdk.compiler/com.sun.tools.javac.code=ALL-UNNAMED
	--add-exports=jdk.compiler/com.sun.tools.javac.comp=ALL-UNNAMED
	--add-exports=jdk.compiler/com.sun.tools.javac.file=ALL-UNNAMED
	--add-exports=jdk.compiler/com.sun.tools.javac.jvm=ALL-UNNAMED
	--add-exports=jdk.compiler/com.sun.tools.javac.main=ALL-UNNAMED
	--add-exports=jdk.compiler/com.sun.tools.javac.model=ALL-UNNAMED
	--add-exports=jdk.compiler/com.sun.tools.javac.parser=ALL-UNNAMED
	--add-exports=jdk.compiler/com.sun.tools.javac.processing=ALL-UNNAMED
	--add-exports=jdk.compiler/com.sun.tools.javac.tree=ALL-UNNAMED
	--add-exports=jdk.compiler/com.sun.tools.javac.util=ALL-UNNAMED
	--add-modules=jdk.jshell
	--add-opens=jdk.jshell/jdk.jshell=ALL-UNNAMED
	--add-exports=jdk.jshell/jdk.internal.jshell.debug=ALL-UNNAMED
	--add-exports=jdk.jdeps/com.sun.tools.classfile=ALL-UNNAMED
	--add-exports=jdk.jdeps/com.sun.tools.javap=ALL-UNNAMED
	--add-exports=jdk.internal.jvmstat/sun.jvmstat.monitor=ALL-UNNAMED
	--add-exports=jdk.internal.opt/jdk.internal.opt=ALL-UNNAMED
	--add-exports=java.management/sun.management=ALL-UNNAMED
	-XX:+IgnoreUnrecognizedVMOptions
	-javaagent:E:\netbeans/ide/netbeans-javaagent.jar
	-Djdk.home=C:\Program Files\Java\jdk-17
	-Dnetbeans.home=E:\netbeans\platform
	-Dnetbeans.user=E:\MonPortfolioSio
	-Dnetbeans.default_userdir_root=C:\Users\trist\AppData\Roaming\NetBeans
	-XX:+HeapDumpOnOutOfMemoryError
	-XX:HeapDumpPath=E:\MonPortfolioSio\var\log\heapdump.hprof
	-Dsun.awt.keepWorkingSetOnMinimize=true
	-Dnetbeans.dirs=E:\netbeans\nb;E:\netbeans\ergonomics;E:\netbeans\ide;E:\netbeans\extide;E:\netbeans\java;E:\netbeans\apisupport;E:\netbeans\webcommon;E:\netbeans\websvccommon;E:\netbeans\enterprise;E:\netbeans\mobility;E:\netbeans\profiler;E:\netbeans\python;E:\netbeans\php;E:\netbeans\identity;E:\netbeans\harness;E:\netbeans\cnd;E:\netbeans\cndext;E:\netbeans\cpplite;E:\netbeans\dlight;E:\netbeans\groovy;E:\netbeans\extra;E:\netbeans\javacard;E:\netbeans\javafx;E:\netbeans\rust
Compiler: HotSpot 64-Bit Tiered Compilers
Heap memory usage: initial 256,0MB maximum 4078,0MB
Non heap memory usage: initial 7,3MB maximum -1b
Garbage collector: G1 Young Generation (Collections=19 Total time spent=0s)
Garbage collector: G1 Old Generation (Collections=0 Total time spent=0s)
Classes: loaded=12390 total loaded=12390 unloaded 0
WARNING [org.eclipse.tm4e.core.registry.Registry]: No grammar source for scope [source.yaml]
WARNING [org.eclipse.tm4e.core.registry.Registry]: No grammar source for scope [text.html.derivative]
WARNING [org.eclipse.tm4e.core.registry.Registry]: No grammar source for scope [source.css]
WARNING [org.eclipse.tm4e.core.registry.Registry]: No grammar source for scope [text.html.basic]
WARNING [org.eclipse.tm4e.core.registry.Registry]: No grammar source for scope [source.ini]
WARNING [org.eclipse.tm4e.core.registry.Registry]: No grammar source for scope [source.java]
WARNING [org.eclipse.tm4e.core.registry.Registry]: No grammar source for scope [source.lua]
WARNING [org.eclipse.tm4e.core.registry.Registry]: No grammar source for scope [source.makefile]
WARNING [org.eclipse.tm4e.core.registry.Registry]: No grammar source for scope [source.perl]
WARNING [org.eclipse.tm4e.core.registry.Registry]: No grammar source for scope [source.r]
WARNING [org.eclipse.tm4e.core.registry.Registry]: No grammar source for scope [source.ruby]
WARNING [org.eclipse.tm4e.core.registry.Registry]: No grammar source for scope [source.php]
WARNING [org.eclipse.tm4e.core.registry.Registry]: No grammar source for scope [source.sql]
WARNING [org.eclipse.tm4e.core.registry.Registry]: No grammar source for scope [source.asp.vb.net]
WARNING [org.eclipse.tm4e.core.registry.Registry]: No grammar source for scope [text.xml]
WARNING [org.eclipse.tm4e.core.registry.Registry]: No grammar source for scope [text.xml.xsl]
WARNING [org.eclipse.tm4e.core.registry.Registry]: No grammar source for scope [source.batchfile]
WARNING [org.eclipse.tm4e.core.registry.Registry]: No grammar source for scope [source.clojure]
WARNING [org.eclipse.tm4e.core.registry.Registry]: No grammar source for scope [source.coffee]
WARNING [org.eclipse.tm4e.core.registry.Registry]: No grammar source for scope [source.c]
WARNING [org.eclipse.tm4e.core.registry.Registry]: No grammar source for scope [source.cpp]
WARNING [org.eclipse.tm4e.core.registry.Registry]: No grammar source for scope [source.diff]
WARNING [org.eclipse.tm4e.core.registry.Registry]: No grammar source for scope [source.dockerfile]
WARNING [org.eclipse.tm4e.core.registry.Registry]: No grammar source for scope [text.git-commit]
WARNING [org.eclipse.tm4e.core.registry.Registry]: No grammar source for scope [text.git-rebase]
WARNING [org.eclipse.tm4e.core.registry.Registry]: No grammar source for scope [source.go]
WARNING [org.eclipse.tm4e.core.registry.Registry]: No grammar source for scope [source.groovy]
WARNING [org.eclipse.tm4e.core.registry.Registry]: No grammar source for scope [text.pug]
WARNING [org.eclipse.tm4e.core.registry.Registry]: No grammar source for scope [source.js]
WARNING [org.eclipse.tm4e.core.registry.Registry]: No grammar source for scope [source.js.regexp]
WARNING [org.eclipse.tm4e.core.registry.Registry]: No grammar source for scope [source.json]
WARNING [org.eclipse.tm4e.core.registry.Registry]: No grammar source for scope [source.json.comments]
WARNING [org.eclipse.tm4e.core.registry.Registry]: No grammar source for scope [source.css.less]
WARNING [org.eclipse.tm4e.core.registry.Registry]: No grammar source for scope [source.objc]
WARNING [org.eclipse.tm4e.core.registry.Registry]: No grammar source for scope [source.swift]
WARNING [org.eclipse.tm4e.core.registry.Registry]: No grammar source for scope [source.css.scss]
WARNING [org.eclipse.tm4e.core.registry.Registry]: No grammar source for scope [source.perl.6]
WARNING [org.eclipse.tm4e.core.registry.Registry]: No grammar source for scope [source.powershell]
WARNING [org.eclipse.tm4e.core.registry.Registry]: No grammar source for scope [source.python]
WARNING [org.eclipse.tm4e.core.registry.Registry]: No grammar source for scope [source.julia]
WARNING [org.eclipse.tm4e.core.registry.Registry]: No grammar source for scope [source.regexp.python]
WARNING [org.eclipse.tm4e.core.registry.Registry]: No grammar source for scope [source.rust]
WARNING [org.eclipse.tm4e.core.registry.Registry]: No grammar source for scope [source.scala]
WARNING [org.eclipse.tm4e.core.registry.Registry]: No grammar source for scope [source.shell]
INFO [org.netbeans.core.ui.warmup.DiagnosticTask]: Total memory 17?103?958?016
INFO [null]: Total physical memory 17?103?958?016
WARNING [org.eclipse.tm4e.core.registry.Registry]: No grammar source for scope [source.tsx]
WARNING [org.eclipse.tm4e.core.registry.Registry]: No grammar source for scope [source.cs]
WARNING [org.eclipse.tm4e.core.registry.Registry]: No grammar source for scope [source.fsharp]
WARNING [org.eclipse.tm4e.core.registry.Registry]: No grammar source for scope [source.dart]
WARNING [org.eclipse.tm4e.core.registry.Registry]: No grammar source for scope [text.html.handlebars]
WARNING [org.eclipse.tm4e.core.registry.Registry]: No grammar source for scope [text.log]
WARNING [org.eclipse.tm4e.core.registry.Registry]: No grammar source for scope [source.erlang]
WARNING [org.eclipse.tm4e.core.registry.Registry]: No grammar source for scope [source.elixir]
WARNING [org.eclipse.tm4e.core.registry.Registry]: No grammar source for scope [text.tex.latex]
WARNING [org.eclipse.tm4e.core.registry.Registry]: No grammar source for scope [text.bibtex]
WARNING [org.eclipse.tm4e.core.registry.Registry]: No grammar source for scope [source.twig]
WARNING [org.openide.filesystems.Ordering]: Found same position 300 for both UI/ToolActions/Files/org-netbeans-modules-diff-tree-RecursiveDiffAction.shadow and UI/ToolActions/Files/org-netbeans-modules-favorites-Add.shadow
INFO [org.netbeans.modules.parsing.impl.indexing.RepositoryUpdater]: Indexing of: E:\MonPortfolioSio took: 8?865 ms (New or modified files: 639, Deleted files: 0) [Adding listeners took: 2 ms]
INFO [org.netbeans.modules.parsing.impl.indexing.RepositoryUpdater]: Complete indexing of 1 source roots took: 8?865 ms (New or modified files: 639, Deleted files: 0) [Adding listeners took: 2 ms]
INFO [org.netbeans.ui.indexing]: Indexing finished, indexing took 9?535 ms.
INFO [org.netbeans.ui.indexing]: Indexing started, time from last indexing 0 ms.
INFO [org.netbeans.ui.indexing]: Indexing finished, indexing took 238 ms.
INFO [org.netbeans.ui.indexing]: Indexing started, time from last indexing 0 ms.
INFO [org.netbeans.modules.parsing.impl.indexing.RepositoryUpdater]: Resolving dependencies took: 8 ms
INFO [org.netbeans.modules.parsing.impl.indexing.RepositoryUpdater]: Complete indexing of 0 binary roots took: 0 ms
INFO [org.netbeans.modules.parsing.impl.indexing.RepositoryUpdater]: Indexing of: E:\netbeans\webcommon\jsstubs\core-stubs.zip took: 64 ms (New or modified files: 0, Deleted files: 0) [Adding listeners took: 0 ms]
INFO [org.netbeans.modules.parsing.impl.indexing.RepositoryUpdater]: Indexing of: E:\netbeans\webcommon\jsstubs\dom-stubs.zip took: 130 ms (New or modified files: 0, Deleted files: 0) [Adding listeners took: 0 ms]
INFO [org.netbeans.modules.parsing.impl.indexing.RepositoryUpdater]: Complete indexing of 2 source roots took: 194 ms (New or modified files: 0, Deleted files: 0) [Adding listeners took: 0 ms]
INFO [org.netbeans.ui.indexing]: Indexing finished, indexing took 202 ms.
INFO [org.netbeans.ui.indexing]: Indexing started, time from last indexing 948 ms.
INFO [org.netbeans.ui.indexing]: Indexing finished, indexing took 1?838 ms.
INFO [org.netbeans.ui.indexing]: Indexing started, time from last indexing 0 ms.
INFO [org.netbeans.ui.indexing]: Indexing finished, indexing took 92 ms.
INFO [org.netbeans.ui.indexing]: Indexing started, time from last indexing 1?127 ms.
INFO [org.netbeans.ui.indexing]: Indexing finished, indexing took 93 ms.
INFO [org.netbeans.ui.indexing]: Indexing started, time from last indexing 1?410 ms.
INFO [org.netbeans.ui.indexing]: Indexing finished, indexing took 91 ms.
INFO [org.netbeans.ui.indexing]: Indexing started, time from last indexing 1?401 ms.
INFO [org.netbeans.ui.indexing]: Indexing finished, indexing took 89 ms.
INFO [org.netbeans.ui.indexing]: Indexing started, time from last indexing 1?412 ms.
INFO [org.netbeans.ui.indexing]: Indexing finished, indexing took 78 ms.
INFO [org.netbeans.ui.indexing]: Indexing started, time from last indexing 0 ms.
INFO [org.netbeans.ui.indexing]: Indexing finished, indexing took 82 ms.
INFO [org.netbeans.ui.indexing]: Indexing started, time from last indexing 1?347 ms.
INFO [org.netbeans.ui.indexing]: Indexing finished, indexing took 81 ms.
INFO [org.netbeans.ui.indexing]: Indexing started, time from last indexing 0 ms.
INFO [org.netbeans.ui.indexing]: Indexing finished, indexing took 92 ms.
INFO [org.netbeans.ui.indexing]: Indexing started, time from last indexing 1?327 ms.
INFO [org.netbeans.ui.indexing]: Indexing finished, indexing took 107 ms.
INFO [org.netbeans.ui.indexing]: Indexing started, time from last indexing 0 ms.
INFO [org.netbeans.ui.indexing]: Indexing finished, indexing took 99 ms.
INFO [org.netbeans.ui.indexing]: Indexing started, time from last indexing 1?265 ms.
INFO [org.netbeans.ui.indexing]: Indexing finished, indexing took 92 ms.
INFO [org.netbeans.ui.indexing]: Indexing started, time from last indexing 0 ms.
INFO [org.netbeans.ui.indexing]: Indexing finished, indexing took 103 ms.
INFO [org.netbeans.ui.indexing]: Indexing started, time from last indexing 0 ms.
INFO [org.netbeans.ui.indexing]: Indexing finished, indexing took 185 ms.
INFO [org.netbeans.ui.indexing]: Indexing started, time from last indexing 0 ms.
INFO [org.netbeans.ui.indexing]: Indexing finished, indexing took 108 ms.
INFO [org.netbeans.ui.indexing]: Indexing started, time from last indexing 1?021 ms.
INFO [org.netbeans.ui.indexing]: Indexing finished, indexing took 150 ms.
INFO [org.netbeans.ui.indexing]: Indexing started, time from last indexing 0 ms.
INFO [org.netbeans.ui.indexing]: Indexing finished, indexing took 139 ms.
INFO [org.netbeans.modules.mercurial]: version: null
INFO [org.netbeans.modules.subversion]: Finished indexing svn cache with 0 entries. Elapsed time: 0 ms.
INFO [org.netbeans.ui.indexing]: Indexing started, time from last indexing 1?270 ms.
INFO [org.netbeans.ui.indexing]: Indexing finished, indexing took 101 ms.
INFO [org.netbeans.ui.indexing]: Indexing started, time from last indexing 1 ms.
INFO [org.netbeans.ui.indexing]: Indexing finished, indexing took 43 ms.
INFO [org.netbeans.ui.indexing]: Indexing started, time from last indexing 1?364 ms.
INFO [org.netbeans.ui.indexing]: Indexing finished, indexing took 90 ms.
INFO [org.netbeans.ui.indexing]: Indexing started, time from last indexing 1?466 ms.
INFO [org.netbeans.ui.indexing]: Indexing finished, indexing took 121 ms.
INFO [org.netbeans.ui.indexing]: Indexing started, time from last indexing 1?326 ms.
INFO [org.netbeans.ui.indexing]: Indexing finished, indexing took 142 ms.
INFO [org.netbeans.ui.indexing]: Indexing started, time from last indexing 0 ms.
INFO [org.netbeans.ui.indexing]: Indexing finished, indexing took 345 ms.
INFO [org.netbeans.ui.indexing]: Indexing started, time from last indexing 0 ms.
INFO [org.netbeans.ui.indexing]: Indexing finished, indexing took 309 ms.
INFO [org.netbeans.ui.indexing]: Indexing started, time from last indexing 773 ms.
INFO [org.netbeans.modules.gradle.GradleConnectorManager]: Disconnecting from Gradle Daemons.
INFO [org.netbeans.modules.gradle.GradleConnectorManager]: Disconnecting from Gradle Daemons. Done.
INFO [org.netbeans.ui.indexing]: Indexing finished, indexing took 134 ms.
INFO [org.netbeans.ui.indexing]: Indexing started, time from last indexing 0 ms.
INFO [org.netbeans.ui.indexing]: Indexing finished, indexing took 2 ms.
INFO [org.netbeans.core.netigso.Netigso]: bundle org.eclipse.osgi@3.9.1.v20140110-1610 256
INFO [org.netbeans.core.netigso.Netigso]: bundle org.eclipse.osgi@3.9.1.v20140110-1610 stopped
INFO [null]: Last record repeated again.
